<?xml version="1.0" encoding="UTF-8"?>
<testsuite xmlns:xsi="http://www.w3.org/2001/XMLSchema-instance" xsi:noNamespaceSchemaLocation="https://maven.apache.org/surefire/maven-surefire-plugin/xsd/surefire-test-report-3.0.xsd" version="3.0" name="starter.starter.Run" time="77.741" tests="6" errors="0" skipped="0" failures="0">
  <properties>
    <property name="java.specification.version" value="21"/>
    <property name="webdriver.chrome.driver" value="C:/Users/Lenovo/eclipse-workspace/X_Practice_serenity_cucumber_bdd/src/test/resource/windows/chromedriver-win64/chromedriver.exe"/>
    <property name="sun.cpu.isalist" value="amd64"/>
    <property name="sun.jnu.encoding" value="Cp1252"/>
    <property name="java.class.path" value="C:\Users\Lenovo\eclipse-workspace\X_Practice_serenity_cucumber_bdd\target\test-classes;C:\Users\Lenovo\eclipse-workspace\X_Practice_serenity_cucumber_bdd\target\classes;C:\Users\Lenovo\.m2\repository\net\serenity-bdd\serenity-core\4.0.19\serenity-core-4.0.19.jar;C:\Users\Lenovo\.m2\repository\net\serenity-bdd\serenity-model\4.0.19\serenity-model-4.0.19.jar;C:\Users\Lenovo\.m2\repository\org\apache\commons\commons-text\1.11.0\commons-text-1.11.0.jar;C:\Users\Lenovo\.m2\repository\commons-net\commons-net\3.10.0\commons-net-3.10.0.jar;C:\Users\Lenovo\.m2\repository\com\google\guava\guava\32.1.3-jre\guava-32.1.3-jre.jar;C:\Users\Lenovo\.m2\repository\com\google\guava\failureaccess\1.0.1\failureaccess-1.0.1.jar;C:\Users\Lenovo\.m2\repository\com\google\guava\listenablefuture\9999.0-empty-to-avoid-conflict-with-guava\listenablefuture-9999.0-empty-to-avoid-conflict-with-guava.jar;C:\Users\Lenovo\.m2\repository\com\google\code\findbugs\jsr305\3.0.2\jsr305-3.0.2.jar;C:\Users\Lenovo\.m2\repository\org\checkerframework\checker-qual\3.37.0\checker-qual-3.37.0.jar;C:\Users\Lenovo\.m2\repository\com\google\errorprone\error_prone_annotations\2.21.1\error_prone_annotations-2.21.1.jar;C:\Users\Lenovo\.m2\repository\com\google\j2objc\j2objc-annotations\2.8\j2objc-annotations-2.8.jar;C:\Users\Lenovo\.m2\repository\org\jsoup\jsoup\1.15.4\jsoup-1.15.4.jar;C:\Users\Lenovo\.m2\repository\com\thoughtworks\xstream\xstream\1.4.20\xstream-1.4.20.jar;C:\Users\Lenovo\.m2\repository\io\github\x-stream\mxparser\1.2.2\mxparser-1.2.2.jar;C:\Users\Lenovo\.m2\repository\xmlpull\xmlpull\1.1.3.1\xmlpull-1.1.3.1.jar;C:\Users\Lenovo\.m2\repository\com\typesafe\config\1.4.3\config-1.4.3.jar;C:\Users\Lenovo\.m2\repository\org\imgscalr\imgscalr-lib\4.2\imgscalr-lib-4.2.jar;C:\Users\Lenovo\.m2\repository\org\awaitility\awaitility\4.2.0\awaitility-4.2.0.jar;C:\Users\Lenovo\.m2\repository\org\freemarker\freemarker\2.3.32\freemarker-2.3.32.jar;C:\Users\Lenovo\.m2\repository\io\github\classgraph\classgraph\4.8.157\classgraph-4.8.157.jar;C:\Users\Lenovo\.m2\repository\com\github\ben-manes\caffeine\caffeine\2.9.2\caffeine-2.9.2.jar;C:\Users\Lenovo\.m2\repository\org\ehcache\ehcache\3.10.8\ehcache-3.10.8.jar;C:\Users\Lenovo\.m2\repository\javax\cache\cache-api\1.1.0\cache-api-1.1.0.jar;C:\Users\Lenovo\.m2\repository\net\sourceforge\jexcelapi\jxl\2.6.12\jxl-2.6.12.jar;C:\Users\Lenovo\.m2\repository\net\bytebuddy\byte-buddy-agent\1.14.9\byte-buddy-agent-1.14.9.jar;C:\Users\Lenovo\.m2\repository\org\objenesis\objenesis\3.3\objenesis-3.3.jar;C:\Users\Lenovo\.m2\repository\com\vladsch\flexmark\flexmark-all\0.64.8\flexmark-all-0.64.8.jar;C:\Users\Lenovo\.m2\repository\com\vladsch\flexmark\flexmark\0.64.8\flexmark-0.64.8.jar;C:\Users\Lenovo\.m2\repository\com\vladsch\flexmark\flexmark-ext-abbreviation\0.64.8\flexmark-ext-abbreviation-0.64.8.jar;C:\Users\Lenovo\.m2\repository\com\vladsch\flexmark\flexmark-ext-admonition\0.64.8\flexmark-ext-admonition-0.64.8.jar;C:\Users\Lenovo\.m2\repository\com\vladsch\flexmark\flexmark-ext-anchorlink\0.64.8\flexmark-ext-anchorlink-0.64.8.jar;C:\Users\Lenovo\.m2\repository\com\vladsch\flexmark\flexmark-ext-aside\0.64.8\flexmark-ext-aside-0.64.8.jar;C:\Users\Lenovo\.m2\repository\com\vladsch\flexmark\flexmark-ext-attributes\0.64.8\flexmark-ext-attributes-0.64.8.jar;C:\Users\Lenovo\.m2\repository\com\vladsch\flexmark\flexmark-ext-autolink\0.64.8\flexmark-ext-autolink-0.64.8.jar;C:\Users\Lenovo\.m2\repository\org\nibor\autolink\autolink\0.6.0\autolink-0.6.0.jar;C:\Users\Lenovo\.m2\repository\com\vladsch\flexmark\flexmark-ext-definition\0.64.8\flexmark-ext-definition-0.64.8.jar;C:\Users\Lenovo\.m2\repository\com\vladsch\flexmark\flexmark-ext-emoji\0.64.8\flexmark-ext-emoji-0.64.8.jar;C:\Users\Lenovo\.m2\repository\com\vladsch\flexmark\flexmark-ext-enumerated-reference\0.64.8\flexmark-ext-enumerated-reference-0.64.8.jar;C:\Users\Lenovo\.m2\repository\com\vladsch\flexmark\flexmark-ext-escaped-character\0.64.8\flexmark-ext-escaped-character-0.64.8.jar;C:\Users\Lenovo\.m2\repository\com\vladsch\flexmark\flexmark-ext-footnotes\0.64.8\flexmark-ext-footnotes-0.64.8.jar;C:\Users\Lenovo\.m2\repository\com\vladsch\flexmark\flexmark-ext-gfm-issues\0.64.8\flexmark-ext-gfm-issues-0.64.8.jar;C:\Users\Lenovo\.m2\repository\com\vladsch\flexmark\flexmark-ext-gfm-strikethrough\0.64.8\flexmark-ext-gfm-strikethrough-0.64.8.jar;C:\Users\Lenovo\.m2\repository\com\vladsch\flexmark\flexmark-ext-gfm-tasklist\0.64.8\flexmark-ext-gfm-tasklist-0.64.8.jar;C:\Users\Lenovo\.m2\repository\com\vladsch\flexmark\flexmark-ext-gfm-users\0.64.8\flexmark-ext-gfm-users-0.64.8.jar;C:\Users\Lenovo\.m2\repository\com\vladsch\flexmark\flexmark-ext-gitlab\0.64.8\flexmark-ext-gitlab-0.64.8.jar;C:\Users\Lenovo\.m2\repository\com\vladsch\flexmark\flexmark-ext-jekyll-front-matter\0.64.8\flexmark-ext-jekyll-front-matter-0.64.8.jar;C:\Users\Lenovo\.m2\repository\com\vladsch\flexmark\flexmark-ext-jekyll-tag\0.64.8\flexmark-ext-jekyll-tag-0.64.8.jar;C:\Users\Lenovo\.m2\repository\com\vladsch\flexmark\flexmark-ext-media-tags\0.64.8\flexmark-ext-media-tags-0.64.8.jar;C:\Users\Lenovo\.m2\repository\com\vladsch\flexmark\flexmark-ext-macros\0.64.8\flexmark-ext-macros-0.64.8.jar;C:\Users\Lenovo\.m2\repository\com\vladsch\flexmark\flexmark-ext-ins\0.64.8\flexmark-ext-ins-0.64.8.jar;C:\Users\Lenovo\.m2\repository\com\vladsch\flexmark\flexmark-ext-xwiki-macros\0.64.8\flexmark-ext-xwiki-macros-0.64.8.jar;C:\Users\Lenovo\.m2\repository\com\vladsch\flexmark\flexmark-ext-superscript\0.64.8\flexmark-ext-superscript-0.64.8.jar;C:\Users\Lenovo\.m2\repository\com\vladsch\flexmark\flexmark-ext-toc\0.64.8\flexmark-ext-toc-0.64.8.jar;C:\Users\Lenovo\.m2\repository\com\vladsch\flexmark\flexmark-ext-typographic\0.64.8\flexmark-ext-typographic-0.64.8.jar;C:\Users\Lenovo\.m2\repository\com\vladsch\flexmark\flexmark-ext-wikilink\0.64.8\flexmark-ext-wikilink-0.64.8.jar;C:\Users\Lenovo\.m2\repository\com\vladsch\flexmark\flexmark-ext-yaml-front-matter\0.64.8\flexmark-ext-yaml-front-matter-0.64.8.jar;C:\Users\Lenovo\.m2\repository\com\vladsch\flexmark\flexmark-ext-youtube-embedded\0.64.8\flexmark-ext-youtube-embedded-0.64.8.jar;C:\Users\Lenovo\.m2\repository\com\vladsch\flexmark\flexmark-html2md-converter\0.64.8\flexmark-html2md-converter-0.64.8.jar;C:\Users\Lenovo\.m2\repository\com\vladsch\flexmark\flexmark-jira-converter\0.64.8\flexmark-jira-converter-0.64.8.jar;C:\Users\Lenovo\.m2\repository\com\vladsch\flexmark\flexmark-pdf-converter\0.64.8\flexmark-pdf-converter-0.64.8.jar;C:\Users\Lenovo\.m2\repository\com\openhtmltopdf\openhtmltopdf-core\1.0.10\openhtmltopdf-core-1.0.10.jar;C:\Users\Lenovo\.m2\repository\com\openhtmltopdf\openhtmltopdf-pdfbox\1.0.10\openhtmltopdf-pdfbox-1.0.10.jar;C:\Users\Lenovo\.m2\repository\org\apache\pdfbox\pdfbox\2.0.24\pdfbox-2.0.24.jar;C:\Users\Lenovo\.m2\repository\org\apache\pdfbox\fontbox\2.0.24\fontbox-2.0.24.jar;C:\Users\Lenovo\.m2\repository\org\apache\pdfbox\xmpbox\2.0.24\xmpbox-2.0.24.jar;C:\Users\Lenovo\.m2\repository\de\rototor\pdfbox\graphics2d\0.32\graphics2d-0.32.jar;C:\Users\Lenovo\.m2\repository\com\openhtmltopdf\openhtmltopdf-rtl-support\1.0.10\openhtmltopdf-rtl-support-1.0.10.jar;C:\Users\Lenovo\.m2\repository\com\vladsch\flexmark\flexmark-profile-pegdown\0.64.8\flexmark-profile-pegdown-0.64.8.jar;C:\Users\Lenovo\.m2\repository\com\vladsch\flexmark\flexmark-util-ast\0.64.8\flexmark-util-ast-0.64.8.jar;C:\Users\Lenovo\.m2\repository\com\vladsch\flexmark\flexmark-util-builder\0.64.8\flexmark-util-builder-0.64.8.jar;C:\Users\Lenovo\.m2\repository\com\vladsch\flexmark\flexmark-util-collection\0.64.8\flexmark-util-collection-0.64.8.jar;C:\Users\Lenovo\.m2\repository\com\vladsch\flexmark\flexmark-util-data\0.64.8\flexmark-util-data-0.64.8.jar;C:\Users\Lenovo\.m2\repository\com\vladsch\flexmark\flexmark-util-dependency\0.64.8\flexmark-util-dependency-0.64.8.jar;C:\Users\Lenovo\.m2\repository\com\vladsch\flexmark\flexmark-util-format\0.64.8\flexmark-util-format-0.64.8.jar;C:\Users\Lenovo\.m2\repository\com\vladsch\flexmark\flexmark-util-html\0.64.8\flexmark-util-html-0.64.8.jar;C:\Users\Lenovo\.m2\repository\com\vladsch\flexmark\flexmark-util-misc\0.64.8\flexmark-util-misc-0.64.8.jar;C:\Users\Lenovo\.m2\repository\com\vladsch\flexmark\flexmark-util-options\0.64.8\flexmark-util-options-0.64.8.jar;C:\Users\Lenovo\.m2\repository\com\vladsch\flexmark\flexmark-util-sequence\0.64.8\flexmark-util-sequence-0.64.8.jar;C:\Users\Lenovo\.m2\repository\com\vladsch\flexmark\flexmark-util-visitor\0.64.8\flexmark-util-visitor-0.64.8.jar;C:\Users\Lenovo\.m2\repository\com\vladsch\flexmark\flexmark-youtrack-converter\0.64.8\flexmark-youtrack-converter-0.64.8.jar;C:\Users\Lenovo\.m2\repository\com\vladsch\flexmark\flexmark-ext-resizable-image\0.64.8\flexmark-ext-resizable-image-0.64.8.jar;C:\Users\Lenovo\.m2\repository\com\vladsch\flexmark\flexmark-ext-tables\0.64.8\flexmark-ext-tables-0.64.8.jar;C:\Users\Lenovo\.m2\repository\com\vladsch\flexmark\flexmark-util\0.64.8\flexmark-util-0.64.8.jar;C:\Users\Lenovo\.m2\repository\net\serenity-bdd\serenity-reports\4.0.19\serenity-reports-4.0.19.jar;C:\Users\Lenovo\.m2\repository\net\serenity-bdd\serenity-stats\4.0.19\serenity-stats-4.0.19.jar;C:\Users\Lenovo\.m2\repository\net\serenity-bdd\serenity-reports-configuration\4.0.19\serenity-reports-configuration-4.0.19.jar;C:\Users\Lenovo\.m2\repository\com\ibm\icu\icu4j\72.1\icu4j-72.1.jar;C:\Users\Lenovo\.m2\repository\es\nitaur\markdown\txtmark\0.16\txtmark-0.16.jar;C:\Users\Lenovo\.m2\repository\net\serenity-bdd\serenity-report-resources\4.0.19\serenity-report-resources-4.0.19.jar;C:\Users\Lenovo\.m2\repository\com\google\code\gson\gson\2.10.1\gson-2.10.1.jar;C:\Users\Lenovo\.m2\repository\com\fasterxml\jackson\core\jackson-core\2.15.2\jackson-core-2.15.2.jar;C:\Users\Lenovo\.m2\repository\com\fasterxml\jackson\core\jackson-databind\2.15.2\jackson-databind-2.15.2.jar;C:\Users\Lenovo\.m2\repository\com\fasterxml\jackson\core\jackson-annotations\2.15.2\jackson-annotations-2.15.2.jar;C:\Users\Lenovo\.m2\repository\commons-codec\commons-codec\1.16.0\commons-codec-1.16.0.jar;C:\Users\Lenovo\.m2\repository\commons-io\commons-io\2.15.0\commons-io-2.15.0.jar;C:\Users\Lenovo\.m2\repository\org\apache\httpcomponents\httpclient\4.5.13\httpclient-4.5.13.jar;C:\Users\Lenovo\.m2\repository\org\apache\httpcomponents\httpcore\4.4.13\httpcore-4.4.13.jar;C:\Users\Lenovo\.m2\repository\commons-logging\commons-logging\1.2\commons-logging-1.2.jar;C:\Users\Lenovo\.m2\repository\org\seleniumhq\selenium\selenium-java\4.14.1\selenium-java-4.14.1.jar;C:\Users\Lenovo\.m2\repository\org\seleniumhq\selenium\selenium-devtools-v116\4.14.1\selenium-devtools-v116-4.14.1.jar;C:\Users\Lenovo\.m2\repository\org\seleniumhq\selenium\selenium-devtools-v117\4.14.1\selenium-devtools-v117-4.14.1.jar;C:\Users\Lenovo\.m2\repository\org\seleniumhq\selenium\selenium-devtools-v118\4.14.1\selenium-devtools-v118-4.14.1.jar;C:\Users\Lenovo\.m2\repository\org\seleniumhq\selenium\selenium-devtools-v85\4.14.1\selenium-devtools-v85-4.14.1.jar;C:\Users\Lenovo\.m2\repository\org\seleniumhq\selenium\selenium-remote-driver\4.14.1\selenium-remote-driver-4.14.1.jar;C:\Users\Lenovo\.m2\repository\io\opentelemetry\opentelemetry-api\1.28.0\opentelemetry-api-1.28.0.jar;C:\Users\Lenovo\.m2\repository\io\opentelemetry\opentelemetry-context\1.28.0\opentelemetry-context-1.28.0.jar;C:\Users\Lenovo\.m2\repository\io\opentelemetry\opentelemetry-exporter-logging\1.28.0\opentelemetry-exporter-logging-1.28.0.jar;C:\Users\Lenovo\.m2\repository\io\opentelemetry\opentelemetry-sdk-metrics\1.28.0\opentelemetry-sdk-metrics-1.28.0.jar;C:\Users\Lenovo\.m2\repository\io\opentelemetry\opentelemetry-extension-incubator\1.28.0-alpha\opentelemetry-extension-incubator-1.28.0-alpha.jar;C:\Users\Lenovo\.m2\repository\io\opentelemetry\opentelemetry-sdk-logs\1.28.0\opentelemetry-sdk-logs-1.28.0.jar;C:\Users\Lenovo\.m2\repository\io\opentelemetry\opentelemetry-sdk-common\1.28.0\opentelemetry-sdk-common-1.28.0.jar;C:\Users\Lenovo\.m2\repository\io\opentelemetry\opentelemetry-sdk-extension-autoconfigure-spi\1.28.0\opentelemetry-sdk-extension-autoconfigure-spi-1.28.0.jar;C:\Users\Lenovo\.m2\repository\io\opentelemetry\opentelemetry-sdk-extension-autoconfigure\1.28.0\opentelemetry-sdk-extension-autoconfigure-1.28.0.jar;C:\Users\Lenovo\.m2\repository\io\opentelemetry\opentelemetry-api-events\1.28.0-alpha\opentelemetry-api-events-1.28.0-alpha.jar;C:\Users\Lenovo\.m2\repository\io\opentelemetry\opentelemetry-sdk-trace\1.28.0\opentelemetry-sdk-trace-1.28.0.jar;C:\Users\Lenovo\.m2\repository\io\opentelemetry\opentelemetry-sdk\1.28.0\opentelemetry-sdk-1.28.0.jar;C:\Users\Lenovo\.m2\repository\io\opentelemetry\opentelemetry-semconv\1.28.0-alpha\opentelemetry-semconv-1.28.0-alpha.jar;C:\Users\Lenovo\.m2\repository\org\seleniumhq\selenium\selenium-os\4.14.1\selenium-os-4.14.1.jar;C:\Users\Lenovo\.m2\repository\org\apache\commons\commons-exec\1.3\commons-exec-1.3.jar;C:\Users\Lenovo\.m2\repository\org\seleniumhq\selenium\selenium-safari-driver\4.14.1\selenium-safari-driver-4.14.1.jar;C:\Users\Lenovo\.m2\repository\org\seleniumhq\selenium\selenium-api\4.14.1\selenium-api-4.14.1.jar;C:\Users\Lenovo\.m2\repository\org\seleniumhq\selenium\selenium-support\4.14.1\selenium-support-4.14.1.jar;C:\Users\Lenovo\.m2\repository\com\google\auto\service\auto-service-annotations\1.1.1\auto-service-annotations-1.1.1.jar;C:\Users\Lenovo\.m2\repository\org\seleniumhq\selenium\selenium-json\4.14.1\selenium-json-4.14.1.jar;C:\Users\Lenovo\.m2\repository\org\seleniumhq\selenium\selenium-chrome-driver\4.14.1\selenium-chrome-driver-4.14.1.jar;C:\Users\Lenovo\.m2\repository\org\seleniumhq\selenium\selenium-chromium-driver\4.14.1\selenium-chromium-driver-4.14.1.jar;C:\Users\Lenovo\.m2\repository\org\seleniumhq\selenium\selenium-manager\4.14.1\selenium-manager-4.14.1.jar;C:\Users\Lenovo\.m2\repository\org\seleniumhq\selenium\selenium-firefox-driver\4.14.1\selenium-firefox-driver-4.14.1.jar;C:\Users\Lenovo\.m2\repository\org\seleniumhq\selenium\selenium-http\4.14.1\selenium-http-4.14.1.jar;C:\Users\Lenovo\.m2\repository\dev\failsafe\failsafe\3.3.2\failsafe-3.3.2.jar;C:\Users\Lenovo\.m2\repository\org\seleniumhq\selenium\selenium-edge-driver\4.14.1\selenium-edge-driver-4.14.1.jar;C:\Users\Lenovo\.m2\repository\org\seleniumhq\selenium\selenium-ie-driver\4.14.1\selenium-ie-driver-4.14.1.jar;C:\Users\Lenovo\.m2\repository\org\htmlunit\htmlunit\3.7.0\htmlunit-3.7.0.jar;C:\Users\Lenovo\.m2\repository\org\apache\httpcomponents\httpmime\4.5.14\httpmime-4.5.14.jar;C:\Users\Lenovo\.m2\repository\org\htmlunit\htmlunit-core-js\3.7.0\htmlunit-core-js-3.7.0.jar;C:\Users\Lenovo\.m2\repository\org\htmlunit\neko-htmlunit\3.7.0\neko-htmlunit-3.7.0.jar;C:\Users\Lenovo\.m2\repository\org\htmlunit\htmlunit-cssparser\3.7.0\htmlunit-cssparser-3.7.0.jar;C:\Users\Lenovo\.m2\repository\org\htmlunit\htmlunit-xpath\3.7.0\htmlunit-xpath-3.7.0.jar;C:\Users\Lenovo\.m2\repository\org\brotli\dec\0.1.2\dec-0.1.2.jar;C:\Users\Lenovo\.m2\repository\com\shapesecurity\salvation2\3.0.1\salvation2-3.0.1.jar;C:\Users\Lenovo\.m2\repository\org\eclipse\jetty\websocket\websocket-client\9.4.53.v20231009\websocket-client-9.4.53.v20231009.jar;C:\Users\Lenovo\.m2\repository\org\eclipse\jetty\jetty-client\9.4.53.v20231009\jetty-client-9.4.53.v20231009.jar;C:\Users\Lenovo\.m2\repository\org\eclipse\jetty\jetty-http\9.4.53.v20231009\jetty-http-9.4.53.v20231009.jar;C:\Users\Lenovo\.m2\repository\org\eclipse\jetty\jetty-util\9.4.53.v20231009\jetty-util-9.4.53.v20231009.jar;C:\Users\Lenovo\.m2\repository\org\eclipse\jetty\jetty-io\9.4.53.v20231009\jetty-io-9.4.53.v20231009.jar;C:\Users\Lenovo\.m2\repository\org\eclipse\jetty\websocket\websocket-common\9.4.53.v20231009\websocket-common-9.4.53.v20231009.jar;C:\Users\Lenovo\.m2\repository\org\eclipse\jetty\websocket\websocket-api\9.4.53.v20231009\websocket-api-9.4.53.v20231009.jar;C:\Users\Lenovo\.m2\repository\org\seleniumhq\selenium\htmlunit3-driver\4.14.1\htmlunit3-driver-4.14.1.jar;C:\Users\Lenovo\.m2\repository\io\appium\java-client\9.0.0\java-client-9.0.0.jar;C:\Users\Lenovo\.m2\repository\org\apache\groovy\groovy\4.0.13\groovy-4.0.13.jar;C:\Users\Lenovo\.m2\repository\net\sf\opencsv\opencsv\2.1\opencsv-2.1.jar;C:\Users\Lenovo\.m2\repository\org\apache\commons\commons-lang3\3.13.0\commons-lang3-3.13.0.jar;C:\Users\Lenovo\.m2\repository\org\apache\commons\commons-compress\1.24.0\commons-compress-1.24.0.jar;C:\Users\Lenovo\.m2\repository\org\fluentlenium\fluentlenium-core\0.10.2\fluentlenium-core-0.10.2.jar;C:\Users\Lenovo\.m2\repository\com\jhlabs\filters\2.0.235\filters-2.0.235.jar;C:\Users\Lenovo\.m2\repository\com\paulhammant\ngwebdriver\1.1.6\ngwebdriver-1.1.6.jar;C:\Users\Lenovo\.m2\repository\joda-time\joda-time\2.12.5\joda-time-2.12.5.jar;C:\Users\Lenovo\.m2\repository\org\hamcrest\hamcrest\2.2\hamcrest-2.2.jar;C:\Users\Lenovo\.m2\repository\com\google\jimfs\jimfs\1.3.0\jimfs-1.3.0.jar;C:\Users\Lenovo\.m2\repository\org\mockito\mockito-core\3.3.3\mockito-core-3.3.3.jar;C:\Users\Lenovo\.m2\repository\javax\xml\bind\jaxb-api\2.3.1\jaxb-api-2.3.1.jar;C:\Users\Lenovo\.m2\repository\javax\activation\javax.activation-api\1.2.0\javax.activation-api-1.2.0.jar;C:\Users\Lenovo\.m2\repository\com\sun\xml\bind\jaxb-core\2.3.0.1\jaxb-core-2.3.0.1.jar;C:\Users\Lenovo\.m2\repository\com\sun\xml\bind\jaxb-impl\2.3.3\jaxb-impl-2.3.3.jar;C:\Users\Lenovo\.m2\repository\com\sun\activation\jakarta.activation\1.2.2\jakarta.activation-1.2.2.jar;C:\Users\Lenovo\.m2\repository\javax\activation\activation\1.1.1\activation-1.1.1.jar;C:\Users\Lenovo\.m2\repository\net\serenity-bdd\serenity-cucumber\4.0.19\serenity-cucumber-4.0.19.jar;C:\Users\Lenovo\.m2\repository\io\cucumber\cucumber-core\7.14.0\cucumber-core-7.14.0.jar;C:\Users\Lenovo\.m2\repository\io\cucumber\cucumber-gherkin\7.14.0\cucumber-gherkin-7.14.0.jar;C:\Users\Lenovo\.m2\repository\io\cucumber\cucumber-gherkin-messages\7.14.0\cucumber-gherkin-messages-7.14.0.jar;C:\Users\Lenovo\.m2\repository\io\cucumber\gherkin\26.2.0\gherkin-26.2.0.jar;C:\Users\Lenovo\.m2\repository\io\cucumber\messages\22.0.0\messages-22.0.0.jar;C:\Users\Lenovo\.m2\repository\io\cucumber\tag-expressions\5.0.6\tag-expressions-5.0.6.jar;C:\Users\Lenovo\.m2\repository\io\cucumber\cucumber-expressions\16.1.2\cucumber-expressions-16.1.2.jar;C:\Users\Lenovo\.m2\repository\io\cucumber\datatable\7.14.0\datatable-7.14.0.jar;C:\Users\Lenovo\.m2\repository\io\cucumber\cucumber-plugin\7.14.0\cucumber-plugin-7.14.0.jar;C:\Users\Lenovo\.m2\repository\io\cucumber\docstring\7.14.0\docstring-7.14.0.jar;C:\Users\Lenovo\.m2\repository\io\cucumber\html-formatter\20.4.0\html-formatter-20.4.0.jar;C:\Users\Lenovo\.m2\repository\io\cucumber\junit-xml-formatter\0.2.0\junit-xml-formatter-0.2.0.jar;C:\Users\Lenovo\.m2\repository\io\cucumber\ci-environment\9.2.0\ci-environment-9.2.0.jar;C:\Users\Lenovo\.m2\repository\io\cucumber\cucumber-java\7.14.0\cucumber-java-7.14.0.jar;C:\Users\Lenovo\.m2\repository\io\cucumber\cucumber-junit\7.14.0\cucumber-junit-7.14.0.jar;C:\Users\Lenovo\.m2\repository\org\apache\commons\commons-csv\1.5\commons-csv-1.5.jar;C:\Users\Lenovo\.m2\repository\net\serenity-bdd\serenity-screenplay\4.0.19\serenity-screenplay-4.0.19.jar;C:\Users\Lenovo\.m2\repository\net\serenity-bdd\serenity-screenplay-webdriver\4.0.19\serenity-screenplay-webdriver-4.0.19.jar;C:\Users\Lenovo\.m2\repository\net\serenity-bdd\serenity-ensure\4.0.19\serenity-ensure-4.0.19.jar;C:\Users\Lenovo\.m2\repository\org\jetbrains\kotlin\kotlin-stdlib\1.9.0\kotlin-stdlib-1.9.0.jar;C:\Users\Lenovo\.m2\repository\org\jetbrains\kotlin\kotlin-stdlib-common\1.9.0\kotlin-stdlib-common-1.9.0.jar;C:\Users\Lenovo\.m2\repository\org\jetbrains\annotations\13.0\annotations-13.0.jar;C:\Users\Lenovo\.m2\repository\org\junit\platform\junit-platform-launcher\1.10.0\junit-platform-launcher-1.10.0.jar;C:\Users\Lenovo\.m2\repository\org\junit\platform\junit-platform-engine\1.10.0\junit-platform-engine-1.10.0.jar;C:\Users\Lenovo\.m2\repository\org\opentest4j\opentest4j\1.3.0\opentest4j-1.3.0.jar;C:\Users\Lenovo\.m2\repository\org\junit\platform\junit-platform-commons\1.10.0\junit-platform-commons-1.10.0.jar;C:\Users\Lenovo\.m2\repository\org\apiguardian\apiguardian-api\1.1.2\apiguardian-api-1.1.2.jar;C:\Users\Lenovo\.m2\repository\io\cucumber\cucumber-junit-platform-engine\7.14.0\cucumber-junit-platform-engine-7.14.0.jar;C:\Users\Lenovo\.m2\repository\org\junit\platform\junit-platform-suite\1.10.0\junit-platform-suite-1.10.0.jar;C:\Users\Lenovo\.m2\repository\org\junit\platform\junit-platform-suite-api\1.10.0\junit-platform-suite-api-1.10.0.jar;C:\Users\Lenovo\.m2\repository\org\junit\platform\junit-platform-suite-engine\1.10.0\junit-platform-suite-engine-1.10.0.jar;C:\Users\Lenovo\.m2\repository\org\junit\platform\junit-platform-suite-commons\1.10.0\junit-platform-suite-commons-1.10.0.jar;C:\Users\Lenovo\.m2\repository\org\junit\jupiter\junit-jupiter-engine\5.10.0\junit-jupiter-engine-5.10.0.jar;C:\Users\Lenovo\.m2\repository\org\junit\jupiter\junit-jupiter-api\5.10.0\junit-jupiter-api-5.10.0.jar;C:\Users\Lenovo\.m2\repository\org\junit\vintage\junit-vintage-engine\5.10.0\junit-vintage-engine-5.10.0.jar;C:\Users\Lenovo\.m2\repository\junit\junit\4.13.2\junit-4.13.2.jar;C:\Users\Lenovo\.m2\repository\org\hamcrest\hamcrest-core\1.3\hamcrest-core-1.3.jar;C:\Users\Lenovo\.m2\repository\ch\qos\logback\logback-classic\1.2.10\logback-classic-1.2.10.jar;C:\Users\Lenovo\.m2\repository\ch\qos\logback\logback-core\1.2.10\logback-core-1.2.10.jar;C:\Users\Lenovo\.m2\repository\org\slf4j\slf4j-api\1.7.32\slf4j-api-1.7.32.jar;C:\Users\Lenovo\.m2\repository\org\assertj\assertj-core\3.24.2\assertj-core-3.24.2.jar;C:\Users\Lenovo\.m2\repository\net\bytebuddy\byte-buddy\1.12.21\byte-buddy-1.12.21.jar;C:\Users\Lenovo\.m2\repository\net\serenity-bdd\serenity-junit\4.0.19\serenity-junit-4.0.19.jar;C:\Users\Lenovo\.m2\repository\jakarta\xml\bind\jakarta.xml.bind-api\4.0.0\jakarta.xml.bind-api-4.0.0.jar;C:\Users\Lenovo\.m2\repository\jakarta\activation\jakarta.activation-api\2.1.0\jakarta.activation-api-2.1.0.jar;"/>
    <property name="java.vm.vendor" value="Oracle Corporation"/>
    <property name="sun.arch.data.model" value="64"/>
    <property name="user.variant" value=""/>
    <property name="java.vendor.url" value="https://java.oracle.com/"/>
    <property name="user.timezone" value="Asia/Calcutta"/>
    <property name="os.name" value="Windows 10"/>
    <property name="java.vm.specification.version" value="21"/>
    <property name="sun.java.launcher" value="SUN_STANDARD"/>
    <property name="user.country" value="US"/>
    <property name="sun.boot.library.path" value="C:\Program Files\Java\jdk-21\bin"/>
    <property name="sun.java.command" value="C:\Users\Lenovo\AppData\Local\Temp\surefire17101201502915011060\surefirebooter-20240509062536597_3.jar C:\Users\Lenovo\AppData\Local\Temp\surefire17101201502915011060 2024-05-09T06-25-36_111-jvmRun1 surefire-20240509062536597_1tmp surefire_0-20240509062536597_2tmp"/>
    <property name="jdk.debug" value="release"/>
    <property name="surefire.test.class.path" value="C:\Users\Lenovo\eclipse-workspace\X_Practice_serenity_cucumber_bdd\target\test-classes;C:\Users\Lenovo\eclipse-workspace\X_Practice_serenity_cucumber_bdd\target\classes;C:\Users\Lenovo\.m2\repository\net\serenity-bdd\serenity-core\4.0.19\serenity-core-4.0.19.jar;C:\Users\Lenovo\.m2\repository\net\serenity-bdd\serenity-model\4.0.19\serenity-model-4.0.19.jar;C:\Users\Lenovo\.m2\repository\org\apache\commons\commons-text\1.11.0\commons-text-1.11.0.jar;C:\Users\Lenovo\.m2\repository\commons-net\commons-net\3.10.0\commons-net-3.10.0.jar;C:\Users\Lenovo\.m2\repository\com\google\guava\guava\32.1.3-jre\guava-32.1.3-jre.jar;C:\Users\Lenovo\.m2\repository\com\google\guava\failureaccess\1.0.1\failureaccess-1.0.1.jar;C:\Users\Lenovo\.m2\repository\com\google\guava\listenablefuture\9999.0-empty-to-avoid-conflict-with-guava\listenablefuture-9999.0-empty-to-avoid-conflict-with-guava.jar;C:\Users\Lenovo\.m2\repository\com\google\code\findbugs\jsr305\3.0.2\jsr305-3.0.2.jar;C:\Users\Lenovo\.m2\repository\org\checkerframework\checker-qual\3.37.0\checker-qual-3.37.0.jar;C:\Users\Lenovo\.m2\repository\com\google\errorprone\error_prone_annotations\2.21.1\error_prone_annotations-2.21.1.jar;C:\Users\Lenovo\.m2\repository\com\google\j2objc\j2objc-annotations\2.8\j2objc-annotations-2.8.jar;C:\Users\Lenovo\.m2\repository\org\jsoup\jsoup\1.15.4\jsoup-1.15.4.jar;C:\Users\Lenovo\.m2\repository\com\thoughtworks\xstream\xstream\1.4.20\xstream-1.4.20.jar;C:\Users\Lenovo\.m2\repository\io\github\x-stream\mxparser\1.2.2\mxparser-1.2.2.jar;C:\Users\Lenovo\.m2\repository\xmlpull\xmlpull\1.1.3.1\xmlpull-1.1.3.1.jar;C:\Users\Lenovo\.m2\repository\com\typesafe\config\1.4.3\config-1.4.3.jar;C:\Users\Lenovo\.m2\repository\org\imgscalr\imgscalr-lib\4.2\imgscalr-lib-4.2.jar;C:\Users\Lenovo\.m2\repository\org\awaitility\awaitility\4.2.0\awaitility-4.2.0.jar;C:\Users\Lenovo\.m2\repository\org\freemarker\freemarker\2.3.32\freemarker-2.3.32.jar;C:\Users\Lenovo\.m2\repository\io\github\classgraph\classgraph\4.8.157\classgraph-4.8.157.jar;C:\Users\Lenovo\.m2\repository\com\github\ben-manes\caffeine\caffeine\2.9.2\caffeine-2.9.2.jar;C:\Users\Lenovo\.m2\repository\org\ehcache\ehcache\3.10.8\ehcache-3.10.8.jar;C:\Users\Lenovo\.m2\repository\javax\cache\cache-api\1.1.0\cache-api-1.1.0.jar;C:\Users\Lenovo\.m2\repository\net\sourceforge\jexcelapi\jxl\2.6.12\jxl-2.6.12.jar;C:\Users\Lenovo\.m2\repository\net\bytebuddy\byte-buddy-agent\1.14.9\byte-buddy-agent-1.14.9.jar;C:\Users\Lenovo\.m2\repository\org\objenesis\objenesis\3.3\objenesis-3.3.jar;C:\Users\Lenovo\.m2\repository\com\vladsch\flexmark\flexmark-all\0.64.8\flexmark-all-0.64.8.jar;C:\Users\Lenovo\.m2\repository\com\vladsch\flexmark\flexmark\0.64.8\flexmark-0.64.8.jar;C:\Users\Lenovo\.m2\repository\com\vladsch\flexmark\flexmark-ext-abbreviation\0.64.8\flexmark-ext-abbreviation-0.64.8.jar;C:\Users\Lenovo\.m2\repository\com\vladsch\flexmark\flexmark-ext-admonition\0.64.8\flexmark-ext-admonition-0.64.8.jar;C:\Users\Lenovo\.m2\repository\com\vladsch\flexmark\flexmark-ext-anchorlink\0.64.8\flexmark-ext-anchorlink-0.64.8.jar;C:\Users\Lenovo\.m2\repository\com\vladsch\flexmark\flexmark-ext-aside\0.64.8\flexmark-ext-aside-0.64.8.jar;C:\Users\Lenovo\.m2\repository\com\vladsch\flexmark\flexmark-ext-attributes\0.64.8\flexmark-ext-attributes-0.64.8.jar;C:\Users\Lenovo\.m2\repository\com\vladsch\flexmark\flexmark-ext-autolink\0.64.8\flexmark-ext-autolink-0.64.8.jar;C:\Users\Lenovo\.m2\repository\org\nibor\autolink\autolink\0.6.0\autolink-0.6.0.jar;C:\Users\Lenovo\.m2\repository\com\vladsch\flexmark\flexmark-ext-definition\0.64.8\flexmark-ext-definition-0.64.8.jar;C:\Users\Lenovo\.m2\repository\com\vladsch\flexmark\flexmark-ext-emoji\0.64.8\flexmark-ext-emoji-0.64.8.jar;C:\Users\Lenovo\.m2\repository\com\vladsch\flexmark\flexmark-ext-enumerated-reference\0.64.8\flexmark-ext-enumerated-reference-0.64.8.jar;C:\Users\Lenovo\.m2\repository\com\vladsch\flexmark\flexmark-ext-escaped-character\0.64.8\flexmark-ext-escaped-character-0.64.8.jar;C:\Users\Lenovo\.m2\repository\com\vladsch\flexmark\flexmark-ext-footnotes\0.64.8\flexmark-ext-footnotes-0.64.8.jar;C:\Users\Lenovo\.m2\repository\com\vladsch\flexmark\flexmark-ext-gfm-issues\0.64.8\flexmark-ext-gfm-issues-0.64.8.jar;C:\Users\Lenovo\.m2\repository\com\vladsch\flexmark\flexmark-ext-gfm-strikethrough\0.64.8\flexmark-ext-gfm-strikethrough-0.64.8.jar;C:\Users\Lenovo\.m2\repository\com\vladsch\flexmark\flexmark-ext-gfm-tasklist\0.64.8\flexmark-ext-gfm-tasklist-0.64.8.jar;C:\Users\Lenovo\.m2\repository\com\vladsch\flexmark\flexmark-ext-gfm-users\0.64.8\flexmark-ext-gfm-users-0.64.8.jar;C:\Users\Lenovo\.m2\repository\com\vladsch\flexmark\flexmark-ext-gitlab\0.64.8\flexmark-ext-gitlab-0.64.8.jar;C:\Users\Lenovo\.m2\repository\com\vladsch\flexmark\flexmark-ext-jekyll-front-matter\0.64.8\flexmark-ext-jekyll-front-matter-0.64.8.jar;C:\Users\Lenovo\.m2\repository\com\vladsch\flexmark\flexmark-ext-jekyll-tag\0.64.8\flexmark-ext-jekyll-tag-0.64.8.jar;C:\Users\Lenovo\.m2\repository\com\vladsch\flexmark\flexmark-ext-media-tags\0.64.8\flexmark-ext-media-tags-0.64.8.jar;C:\Users\Lenovo\.m2\repository\com\vladsch\flexmark\flexmark-ext-macros\0.64.8\flexmark-ext-macros-0.64.8.jar;C:\Users\Lenovo\.m2\repository\com\vladsch\flexmark\flexmark-ext-ins\0.64.8\flexmark-ext-ins-0.64.8.jar;C:\Users\Lenovo\.m2\repository\com\vladsch\flexmark\flexmark-ext-xwiki-macros\0.64.8\flexmark-ext-xwiki-macros-0.64.8.jar;C:\Users\Lenovo\.m2\repository\com\vladsch\flexmark\flexmark-ext-superscript\0.64.8\flexmark-ext-superscript-0.64.8.jar;C:\Users\Lenovo\.m2\repository\com\vladsch\flexmark\flexmark-ext-toc\0.64.8\flexmark-ext-toc-0.64.8.jar;C:\Users\Lenovo\.m2\repository\com\vladsch\flexmark\flexmark-ext-typographic\0.64.8\flexmark-ext-typographic-0.64.8.jar;C:\Users\Lenovo\.m2\repository\com\vladsch\flexmark\flexmark-ext-wikilink\0.64.8\flexmark-ext-wikilink-0.64.8.jar;C:\Users\Lenovo\.m2\repository\com\vladsch\flexmark\flexmark-ext-yaml-front-matter\0.64.8\flexmark-ext-yaml-front-matter-0.64.8.jar;C:\Users\Lenovo\.m2\repository\com\vladsch\flexmark\flexmark-ext-youtube-embedded\0.64.8\flexmark-ext-youtube-embedded-0.64.8.jar;C:\Users\Lenovo\.m2\repository\com\vladsch\flexmark\flexmark-html2md-converter\0.64.8\flexmark-html2md-converter-0.64.8.jar;C:\Users\Lenovo\.m2\repository\com\vladsch\flexmark\flexmark-jira-converter\0.64.8\flexmark-jira-converter-0.64.8.jar;C:\Users\Lenovo\.m2\repository\com\vladsch\flexmark\flexmark-pdf-converter\0.64.8\flexmark-pdf-converter-0.64.8.jar;C:\Users\Lenovo\.m2\repository\com\openhtmltopdf\openhtmltopdf-core\1.0.10\openhtmltopdf-core-1.0.10.jar;C:\Users\Lenovo\.m2\repository\com\openhtmltopdf\openhtmltopdf-pdfbox\1.0.10\openhtmltopdf-pdfbox-1.0.10.jar;C:\Users\Lenovo\.m2\repository\org\apache\pdfbox\pdfbox\2.0.24\pdfbox-2.0.24.jar;C:\Users\Lenovo\.m2\repository\org\apache\pdfbox\fontbox\2.0.24\fontbox-2.0.24.jar;C:\Users\Lenovo\.m2\repository\org\apache\pdfbox\xmpbox\2.0.24\xmpbox-2.0.24.jar;C:\Users\Lenovo\.m2\repository\de\rototor\pdfbox\graphics2d\0.32\graphics2d-0.32.jar;C:\Users\Lenovo\.m2\repository\com\openhtmltopdf\openhtmltopdf-rtl-support\1.0.10\openhtmltopdf-rtl-support-1.0.10.jar;C:\Users\Lenovo\.m2\repository\com\vladsch\flexmark\flexmark-profile-pegdown\0.64.8\flexmark-profile-pegdown-0.64.8.jar;C:\Users\Lenovo\.m2\repository\com\vladsch\flexmark\flexmark-util-ast\0.64.8\flexmark-util-ast-0.64.8.jar;C:\Users\Lenovo\.m2\repository\com\vladsch\flexmark\flexmark-util-builder\0.64.8\flexmark-util-builder-0.64.8.jar;C:\Users\Lenovo\.m2\repository\com\vladsch\flexmark\flexmark-util-collection\0.64.8\flexmark-util-collection-0.64.8.jar;C:\Users\Lenovo\.m2\repository\com\vladsch\flexmark\flexmark-util-data\0.64.8\flexmark-util-data-0.64.8.jar;C:\Users\Lenovo\.m2\repository\com\vladsch\flexmark\flexmark-util-dependency\0.64.8\flexmark-util-dependency-0.64.8.jar;C:\Users\Lenovo\.m2\repository\com\vladsch\flexmark\flexmark-util-format\0.64.8\flexmark-util-format-0.64.8.jar;C:\Users\Lenovo\.m2\repository\com\vladsch\flexmark\flexmark-util-html\0.64.8\flexmark-util-html-0.64.8.jar;C:\Users\Lenovo\.m2\repository\com\vladsch\flexmark\flexmark-util-misc\0.64.8\flexmark-util-misc-0.64.8.jar;C:\Users\Lenovo\.m2\repository\com\vladsch\flexmark\flexmark-util-options\0.64.8\flexmark-util-options-0.64.8.jar;C:\Users\Lenovo\.m2\repository\com\vladsch\flexmark\flexmark-util-sequence\0.64.8\flexmark-util-sequence-0.64.8.jar;C:\Users\Lenovo\.m2\repository\com\vladsch\flexmark\flexmark-util-visitor\0.64.8\flexmark-util-visitor-0.64.8.jar;C:\Users\Lenovo\.m2\repository\com\vladsch\flexmark\flexmark-youtrack-converter\0.64.8\flexmark-youtrack-converter-0.64.8.jar;C:\Users\Lenovo\.m2\repository\com\vladsch\flexmark\flexmark-ext-resizable-image\0.64.8\flexmark-ext-resizable-image-0.64.8.jar;C:\Users\Lenovo\.m2\repository\com\vladsch\flexmark\flexmark-ext-tables\0.64.8\flexmark-ext-tables-0.64.8.jar;C:\Users\Lenovo\.m2\repository\com\vladsch\flexmark\flexmark-util\0.64.8\flexmark-util-0.64.8.jar;C:\Users\Lenovo\.m2\repository\net\serenity-bdd\serenity-reports\4.0.19\serenity-reports-4.0.19.jar;C:\Users\Lenovo\.m2\repository\net\serenity-bdd\serenity-stats\4.0.19\serenity-stats-4.0.19.jar;C:\Users\Lenovo\.m2\repository\net\serenity-bdd\serenity-reports-configuration\4.0.19\serenity-reports-configuration-4.0.19.jar;C:\Users\Lenovo\.m2\repository\com\ibm\icu\icu4j\72.1\icu4j-72.1.jar;C:\Users\Lenovo\.m2\repository\es\nitaur\markdown\txtmark\0.16\txtmark-0.16.jar;C:\Users\Lenovo\.m2\repository\net\serenity-bdd\serenity-report-resources\4.0.19\serenity-report-resources-4.0.19.jar;C:\Users\Lenovo\.m2\repository\com\google\code\gson\gson\2.10.1\gson-2.10.1.jar;C:\Users\Lenovo\.m2\repository\com\fasterxml\jackson\core\jackson-core\2.15.2\jackson-core-2.15.2.jar;C:\Users\Lenovo\.m2\repository\com\fasterxml\jackson\core\jackson-databind\2.15.2\jackson-databind-2.15.2.jar;C:\Users\Lenovo\.m2\repository\com\fasterxml\jackson\core\jackson-annotations\2.15.2\jackson-annotations-2.15.2.jar;C:\Users\Lenovo\.m2\repository\commons-codec\commons-codec\1.16.0\commons-codec-1.16.0.jar;C:\Users\Lenovo\.m2\repository\commons-io\commons-io\2.15.0\commons-io-2.15.0.jar;C:\Users\Lenovo\.m2\repository\org\apache\httpcomponents\httpclient\4.5.13\httpclient-4.5.13.jar;C:\Users\Lenovo\.m2\repository\org\apache\httpcomponents\httpcore\4.4.13\httpcore-4.4.13.jar;C:\Users\Lenovo\.m2\repository\commons-logging\commons-logging\1.2\commons-logging-1.2.jar;C:\Users\Lenovo\.m2\repository\org\seleniumhq\selenium\selenium-java\4.14.1\selenium-java-4.14.1.jar;C:\Users\Lenovo\.m2\repository\org\seleniumhq\selenium\selenium-devtools-v116\4.14.1\selenium-devtools-v116-4.14.1.jar;C:\Users\Lenovo\.m2\repository\org\seleniumhq\selenium\selenium-devtools-v117\4.14.1\selenium-devtools-v117-4.14.1.jar;C:\Users\Lenovo\.m2\repository\org\seleniumhq\selenium\selenium-devtools-v118\4.14.1\selenium-devtools-v118-4.14.1.jar;C:\Users\Lenovo\.m2\repository\org\seleniumhq\selenium\selenium-devtools-v85\4.14.1\selenium-devtools-v85-4.14.1.jar;C:\Users\Lenovo\.m2\repository\org\seleniumhq\selenium\selenium-remote-driver\4.14.1\selenium-remote-driver-4.14.1.jar;C:\Users\Lenovo\.m2\repository\io\opentelemetry\opentelemetry-api\1.28.0\opentelemetry-api-1.28.0.jar;C:\Users\Lenovo\.m2\repository\io\opentelemetry\opentelemetry-context\1.28.0\opentelemetry-context-1.28.0.jar;C:\Users\Lenovo\.m2\repository\io\opentelemetry\opentelemetry-exporter-logging\1.28.0\opentelemetry-exporter-logging-1.28.0.jar;C:\Users\Lenovo\.m2\repository\io\opentelemetry\opentelemetry-sdk-metrics\1.28.0\opentelemetry-sdk-metrics-1.28.0.jar;C:\Users\Lenovo\.m2\repository\io\opentelemetry\opentelemetry-extension-incubator\1.28.0-alpha\opentelemetry-extension-incubator-1.28.0-alpha.jar;C:\Users\Lenovo\.m2\repository\io\opentelemetry\opentelemetry-sdk-logs\1.28.0\opentelemetry-sdk-logs-1.28.0.jar;C:\Users\Lenovo\.m2\repository\io\opentelemetry\opentelemetry-sdk-common\1.28.0\opentelemetry-sdk-common-1.28.0.jar;C:\Users\Lenovo\.m2\repository\io\opentelemetry\opentelemetry-sdk-extension-autoconfigure-spi\1.28.0\opentelemetry-sdk-extension-autoconfigure-spi-1.28.0.jar;C:\Users\Lenovo\.m2\repository\io\opentelemetry\opentelemetry-sdk-extension-autoconfigure\1.28.0\opentelemetry-sdk-extension-autoconfigure-1.28.0.jar;C:\Users\Lenovo\.m2\repository\io\opentelemetry\opentelemetry-api-events\1.28.0-alpha\opentelemetry-api-events-1.28.0-alpha.jar;C:\Users\Lenovo\.m2\repository\io\opentelemetry\opentelemetry-sdk-trace\1.28.0\opentelemetry-sdk-trace-1.28.0.jar;C:\Users\Lenovo\.m2\repository\io\opentelemetry\opentelemetry-sdk\1.28.0\opentelemetry-sdk-1.28.0.jar;C:\Users\Lenovo\.m2\repository\io\opentelemetry\opentelemetry-semconv\1.28.0-alpha\opentelemetry-semconv-1.28.0-alpha.jar;C:\Users\Lenovo\.m2\repository\org\seleniumhq\selenium\selenium-os\4.14.1\selenium-os-4.14.1.jar;C:\Users\Lenovo\.m2\repository\org\apache\commons\commons-exec\1.3\commons-exec-1.3.jar;C:\Users\Lenovo\.m2\repository\org\seleniumhq\selenium\selenium-safari-driver\4.14.1\selenium-safari-driver-4.14.1.jar;C:\Users\Lenovo\.m2\repository\org\seleniumhq\selenium\selenium-api\4.14.1\selenium-api-4.14.1.jar;C:\Users\Lenovo\.m2\repository\org\seleniumhq\selenium\selenium-support\4.14.1\selenium-support-4.14.1.jar;C:\Users\Lenovo\.m2\repository\com\google\auto\service\auto-service-annotations\1.1.1\auto-service-annotations-1.1.1.jar;C:\Users\Lenovo\.m2\repository\org\seleniumhq\selenium\selenium-json\4.14.1\selenium-json-4.14.1.jar;C:\Users\Lenovo\.m2\repository\org\seleniumhq\selenium\selenium-chrome-driver\4.14.1\selenium-chrome-driver-4.14.1.jar;C:\Users\Lenovo\.m2\repository\org\seleniumhq\selenium\selenium-chromium-driver\4.14.1\selenium-chromium-driver-4.14.1.jar;C:\Users\Lenovo\.m2\repository\org\seleniumhq\selenium\selenium-manager\4.14.1\selenium-manager-4.14.1.jar;C:\Users\Lenovo\.m2\repository\org\seleniumhq\selenium\selenium-firefox-driver\4.14.1\selenium-firefox-driver-4.14.1.jar;C:\Users\Lenovo\.m2\repository\org\seleniumhq\selenium\selenium-http\4.14.1\selenium-http-4.14.1.jar;C:\Users\Lenovo\.m2\repository\dev\failsafe\failsafe\3.3.2\failsafe-3.3.2.jar;C:\Users\Lenovo\.m2\repository\org\seleniumhq\selenium\selenium-edge-driver\4.14.1\selenium-edge-driver-4.14.1.jar;C:\Users\Lenovo\.m2\repository\org\seleniumhq\selenium\selenium-ie-driver\4.14.1\selenium-ie-driver-4.14.1.jar;C:\Users\Lenovo\.m2\repository\org\htmlunit\htmlunit\3.7.0\htmlunit-3.7.0.jar;C:\Users\Lenovo\.m2\repository\org\apache\httpcomponents\httpmime\4.5.14\httpmime-4.5.14.jar;C:\Users\Lenovo\.m2\repository\org\htmlunit\htmlunit-core-js\3.7.0\htmlunit-core-js-3.7.0.jar;C:\Users\Lenovo\.m2\repository\org\htmlunit\neko-htmlunit\3.7.0\neko-htmlunit-3.7.0.jar;C:\Users\Lenovo\.m2\repository\org\htmlunit\htmlunit-cssparser\3.7.0\htmlunit-cssparser-3.7.0.jar;C:\Users\Lenovo\.m2\repository\org\htmlunit\htmlunit-xpath\3.7.0\htmlunit-xpath-3.7.0.jar;C:\Users\Lenovo\.m2\repository\org\brotli\dec\0.1.2\dec-0.1.2.jar;C:\Users\Lenovo\.m2\repository\com\shapesecurity\salvation2\3.0.1\salvation2-3.0.1.jar;C:\Users\Lenovo\.m2\repository\org\eclipse\jetty\websocket\websocket-client\9.4.53.v20231009\websocket-client-9.4.53.v20231009.jar;C:\Users\Lenovo\.m2\repository\org\eclipse\jetty\jetty-client\9.4.53.v20231009\jetty-client-9.4.53.v20231009.jar;C:\Users\Lenovo\.m2\repository\org\eclipse\jetty\jetty-http\9.4.53.v20231009\jetty-http-9.4.53.v20231009.jar;C:\Users\Lenovo\.m2\repository\org\eclipse\jetty\jetty-util\9.4.53.v20231009\jetty-util-9.4.53.v20231009.jar;C:\Users\Lenovo\.m2\repository\org\eclipse\jetty\jetty-io\9.4.53.v20231009\jetty-io-9.4.53.v20231009.jar;C:\Users\Lenovo\.m2\repository\org\eclipse\jetty\websocket\websocket-common\9.4.53.v20231009\websocket-common-9.4.53.v20231009.jar;C:\Users\Lenovo\.m2\repository\org\eclipse\jetty\websocket\websocket-api\9.4.53.v20231009\websocket-api-9.4.53.v20231009.jar;C:\Users\Lenovo\.m2\repository\org\seleniumhq\selenium\htmlunit3-driver\4.14.1\htmlunit3-driver-4.14.1.jar;C:\Users\Lenovo\.m2\repository\io\appium\java-client\9.0.0\java-client-9.0.0.jar;C:\Users\Lenovo\.m2\repository\org\apache\groovy\groovy\4.0.13\groovy-4.0.13.jar;C:\Users\Lenovo\.m2\repository\net\sf\opencsv\opencsv\2.1\opencsv-2.1.jar;C:\Users\Lenovo\.m2\repository\org\apache\commons\commons-lang3\3.13.0\commons-lang3-3.13.0.jar;C:\Users\Lenovo\.m2\repository\org\apache\commons\commons-compress\1.24.0\commons-compress-1.24.0.jar;C:\Users\Lenovo\.m2\repository\org\fluentlenium\fluentlenium-core\0.10.2\fluentlenium-core-0.10.2.jar;C:\Users\Lenovo\.m2\repository\com\jhlabs\filters\2.0.235\filters-2.0.235.jar;C:\Users\Lenovo\.m2\repository\com\paulhammant\ngwebdriver\1.1.6\ngwebdriver-1.1.6.jar;C:\Users\Lenovo\.m2\repository\joda-time\joda-time\2.12.5\joda-time-2.12.5.jar;C:\Users\Lenovo\.m2\repository\org\hamcrest\hamcrest\2.2\hamcrest-2.2.jar;C:\Users\Lenovo\.m2\repository\com\google\jimfs\jimfs\1.3.0\jimfs-1.3.0.jar;C:\Users\Lenovo\.m2\repository\org\mockito\mockito-core\3.3.3\mockito-core-3.3.3.jar;C:\Users\Lenovo\.m2\repository\javax\xml\bind\jaxb-api\2.3.1\jaxb-api-2.3.1.jar;C:\Users\Lenovo\.m2\repository\javax\activation\javax.activation-api\1.2.0\javax.activation-api-1.2.0.jar;C:\Users\Lenovo\.m2\repository\com\sun\xml\bind\jaxb-core\2.3.0.1\jaxb-core-2.3.0.1.jar;C:\Users\Lenovo\.m2\repository\com\sun\xml\bind\jaxb-impl\2.3.3\jaxb-impl-2.3.3.jar;C:\Users\Lenovo\.m2\repository\com\sun\activation\jakarta.activation\1.2.2\jakarta.activation-1.2.2.jar;C:\Users\Lenovo\.m2\repository\javax\activation\activation\1.1.1\activation-1.1.1.jar;C:\Users\Lenovo\.m2\repository\net\serenity-bdd\serenity-cucumber\4.0.19\serenity-cucumber-4.0.19.jar;C:\Users\Lenovo\.m2\repository\io\cucumber\cucumber-core\7.14.0\cucumber-core-7.14.0.jar;C:\Users\Lenovo\.m2\repository\io\cucumber\cucumber-gherkin\7.14.0\cucumber-gherkin-7.14.0.jar;C:\Users\Lenovo\.m2\repository\io\cucumber\cucumber-gherkin-messages\7.14.0\cucumber-gherkin-messages-7.14.0.jar;C:\Users\Lenovo\.m2\repository\io\cucumber\gherkin\26.2.0\gherkin-26.2.0.jar;C:\Users\Lenovo\.m2\repository\io\cucumber\messages\22.0.0\messages-22.0.0.jar;C:\Users\Lenovo\.m2\repository\io\cucumber\tag-expressions\5.0.6\tag-expressions-5.0.6.jar;C:\Users\Lenovo\.m2\repository\io\cucumber\cucumber-expressions\16.1.2\cucumber-expressions-16.1.2.jar;C:\Users\Lenovo\.m2\repository\io\cucumber\datatable\7.14.0\datatable-7.14.0.jar;C:\Users\Lenovo\.m2\repository\io\cucumber\cucumber-plugin\7.14.0\cucumber-plugin-7.14.0.jar;C:\Users\Lenovo\.m2\repository\io\cucumber\docstring\7.14.0\docstring-7.14.0.jar;C:\Users\Lenovo\.m2\repository\io\cucumber\html-formatter\20.4.0\html-formatter-20.4.0.jar;C:\Users\Lenovo\.m2\repository\io\cucumber\junit-xml-formatter\0.2.0\junit-xml-formatter-0.2.0.jar;C:\Users\Lenovo\.m2\repository\io\cucumber\ci-environment\9.2.0\ci-environment-9.2.0.jar;C:\Users\Lenovo\.m2\repository\io\cucumber\cucumber-java\7.14.0\cucumber-java-7.14.0.jar;C:\Users\Lenovo\.m2\repository\io\cucumber\cucumber-junit\7.14.0\cucumber-junit-7.14.0.jar;C:\Users\Lenovo\.m2\repository\org\apache\commons\commons-csv\1.5\commons-csv-1.5.jar;C:\Users\Lenovo\.m2\repository\net\serenity-bdd\serenity-screenplay\4.0.19\serenity-screenplay-4.0.19.jar;C:\Users\Lenovo\.m2\repository\net\serenity-bdd\serenity-screenplay-webdriver\4.0.19\serenity-screenplay-webdriver-4.0.19.jar;C:\Users\Lenovo\.m2\repository\net\serenity-bdd\serenity-ensure\4.0.19\serenity-ensure-4.0.19.jar;C:\Users\Lenovo\.m2\repository\org\jetbrains\kotlin\kotlin-stdlib\1.9.0\kotlin-stdlib-1.9.0.jar;C:\Users\Lenovo\.m2\repository\org\jetbrains\kotlin\kotlin-stdlib-common\1.9.0\kotlin-stdlib-common-1.9.0.jar;C:\Users\Lenovo\.m2\repository\org\jetbrains\annotations\13.0\annotations-13.0.jar;C:\Users\Lenovo\.m2\repository\org\junit\platform\junit-platform-launcher\1.10.0\junit-platform-launcher-1.10.0.jar;C:\Users\Lenovo\.m2\repository\org\junit\platform\junit-platform-engine\1.10.0\junit-platform-engine-1.10.0.jar;C:\Users\Lenovo\.m2\repository\org\opentest4j\opentest4j\1.3.0\opentest4j-1.3.0.jar;C:\Users\Lenovo\.m2\repository\org\junit\platform\junit-platform-commons\1.10.0\junit-platform-commons-1.10.0.jar;C:\Users\Lenovo\.m2\repository\org\apiguardian\apiguardian-api\1.1.2\apiguardian-api-1.1.2.jar;C:\Users\Lenovo\.m2\repository\io\cucumber\cucumber-junit-platform-engine\7.14.0\cucumber-junit-platform-engine-7.14.0.jar;C:\Users\Lenovo\.m2\repository\org\junit\platform\junit-platform-suite\1.10.0\junit-platform-suite-1.10.0.jar;C:\Users\Lenovo\.m2\repository\org\junit\platform\junit-platform-suite-api\1.10.0\junit-platform-suite-api-1.10.0.jar;C:\Users\Lenovo\.m2\repository\org\junit\platform\junit-platform-suite-engine\1.10.0\junit-platform-suite-engine-1.10.0.jar;C:\Users\Lenovo\.m2\repository\org\junit\platform\junit-platform-suite-commons\1.10.0\junit-platform-suite-commons-1.10.0.jar;C:\Users\Lenovo\.m2\repository\org\junit\jupiter\junit-jupiter-engine\5.10.0\junit-jupiter-engine-5.10.0.jar;C:\Users\Lenovo\.m2\repository\org\junit\jupiter\junit-jupiter-api\5.10.0\junit-jupiter-api-5.10.0.jar;C:\Users\Lenovo\.m2\repository\org\junit\vintage\junit-vintage-engine\5.10.0\junit-vintage-engine-5.10.0.jar;C:\Users\Lenovo\.m2\repository\junit\junit\4.13.2\junit-4.13.2.jar;C:\Users\Lenovo\.m2\repository\org\hamcrest\hamcrest-core\1.3\hamcrest-core-1.3.jar;C:\Users\Lenovo\.m2\repository\ch\qos\logback\logback-classic\1.2.10\logback-classic-1.2.10.jar;C:\Users\Lenovo\.m2\repository\ch\qos\logback\logback-core\1.2.10\logback-core-1.2.10.jar;C:\Users\Lenovo\.m2\repository\org\slf4j\slf4j-api\1.7.32\slf4j-api-1.7.32.jar;C:\Users\Lenovo\.m2\repository\org\assertj\assertj-core\3.24.2\assertj-core-3.24.2.jar;C:\Users\Lenovo\.m2\repository\net\bytebuddy\byte-buddy\1.12.21\byte-buddy-1.12.21.jar;C:\Users\Lenovo\.m2\repository\net\serenity-bdd\serenity-junit\4.0.19\serenity-junit-4.0.19.jar;C:\Users\Lenovo\.m2\repository\jakarta\xml\bind\jakarta.xml.bind-api\4.0.0\jakarta.xml.bind-api-4.0.0.jar;C:\Users\Lenovo\.m2\repository\jakarta\activation\jakarta.activation-api\2.1.0\jakarta.activation-api-2.1.0.jar;"/>
    <property name="sun.cpu.endian" value="little"/>
    <property name="user.home" value="C:\Users\Lenovo"/>
    <property name="user.language" value="en"/>
    <property name="java.specification.vendor" value="Oracle Corporation"/>
    <property name="java.version.date" value="2023-10-17"/>
    <property name="java.home" value="C:\Program Files\Java\jdk-21"/>
    <property name="file.separator" value="\"/>
    <property name="basedir" value="C:\Users\Lenovo\eclipse-workspace\X_Practice_serenity_cucumber_bdd"/>
    <property name="java.vm.compressedOopsMode" value="32-bit"/>
    <property name="line.separator" value="&#10;"/>
    <property name="java.vm.specification.vendor" value="Oracle Corporation"/>
    <property name="java.specification.name" value="Java Platform API Specification"/>
    <property name="surefire.real.class.path" value="C:\Users\Lenovo\AppData\Local\Temp\surefire17101201502915011060\surefirebooter-20240509062536597_3.jar"/>
    <property name="user.script" value=""/>
    <property name="java.protocol.handler.pkgs" value="com.google.common"/>
    <property name="sun.management.compiler" value="HotSpot 64-Bit Tiered Compilers"/>
    <property name="java.runtime.version" value="21.0.1+12-LTS-29"/>
    <property name="user.name" value="Lenovo"/>
    <property name="stdout.encoding" value="Cp1252"/>
    <property name="path.separator" value=";"/>
    <property name="os.version" value="10.0"/>
    <property name="java.runtime.name" value="Java(TM) SE Runtime Environment"/>
    <property name="file.encoding" value="UTF-8"/>
    <property name="java.vm.name" value="Java HotSpot(TM) 64-Bit Server VM"/>
    <property name="localRepository" value="C:\Users\Lenovo\.m2\repository"/>
    <property name="java.vendor.url.bug" value="https://bugreport.java.com/bugreport/"/>
    <property name="java.io.tmpdir" value="C:\Users\Lenovo\AppData\Local\Temp\"/>
    <property name="java.version" value="21.0.1"/>
    <property name="user.dir" value="C:\Users\Lenovo\eclipse-workspace\X_Practice_serenity_cucumber_bdd"/>
    <property name="os.arch" value="amd64"/>
    <property name="java.vm.specification.name" value="Java Virtual Machine Specification"/>
    <property name="sun.os.patch.level" value=""/>
    <property name="native.encoding" value="Cp1252"/>
    <property name="java.library.path" value="C:\Program Files\Java\jdk-21\bin;C:\Windows\Sun\Java\bin;C:\Windows\system32;C:\Windows;C:\Users\Lenovo\bin;C:\Program Files\Git\mingw64\bin;C:\Program Files\Git\usr\local\bin;C:\Program Files\Git\usr\bin;C:\Program Files\Git\usr\bin;C:\Program Files\Git\mingw64\bin;C:\Program Files\Git\usr\bin;C:\Users\Lenovo\bin;C:\Program Files\Common Files\Oracle\Java\javapath;C:\Windows\system32;C:\Windows;C:\Windows\System32\Wbem;C:\Windows\System32\WindowsPowerShell\v1.0;C:\Windows\System32\OpenSSH;C:\Users\Lenovo\AppData\Local\Android\Sdk\platform-tools;C:\Program Files\nodejs;C:\Program Files\nodejs\node_modules\npm\bin;C:\java tutorial\apache-maven-3.9.5\bin;C:\Users\Lenovo\AppData\Local\Android\Sdk\build-tools;C:\Users\Lenovo\AppData\Local\Android\Sdk\platforms;C:\Users\Lenovo\AppData\Local\Android\Sdk\platform-tools;C:\Users\Lenovo\AppData\Local\Android\Sdk\tools;C:\Program Files\Java\jdk-21\bin;C:\java tutorial\apache-maven-3.9.5\bin;C:\java tutorial\apache-maven-3.9.5;C:\Program Files\Git\cmd;C:\Program Files\gradle-8.5\bin;C:\Program Files\nodejs\node_modules\npm;C:\Users\Lenovo\AppData\Local\Android\Sdk\tools\bin;C:\Users\Lenovo\AppData\Local\Microsoft\WindowsApps;C:\Users\Lenovo\AppData\Roaming\npm;C:\Program Files\Git\usr\bin\vendor_perl;C:\Program Files\Git\usr\bin\core_perl;."/>
    <property name="java.vm.info" value="mixed mode, sharing"/>
    <property name="stderr.encoding" value="Cp1252"/>
    <property name="java.vendor" value="Oracle Corporation"/>
    <property name="java.vm.version" value="21.0.1+12-LTS-29"/>
    <property name="sun.io.unicode.encoding" value="UnicodeLittle"/>
    <property name="java.class.version" value="65.0"/>
  </properties>
  <testcase name="Successful Login" classname="User Login" time="13.133">
    <system-out><![CDATA[06:25:40.322 [main] DEBUG io.cucumber.core.plugin.SerenityReporter - Running feature from file:///C:/Users/Lenovo/eclipse-workspace/X_Practice_serenity_cucumber_bdd/src/test/resource/features/demoAutomation_login.feature
06:25:40.433 [main] INFO  - 

-------------------------------------------------------------------------------------
     _______. _______ .______       _______ .__   __.  __  .___________.____    ____ 
    /       ||   ____||   _  \     |   ____||  \ |  | |  | |           |\   \  /   / 
   |   (----`|  |__   |  |_)  |    |  |__   |   \|  | |  | `---|  |----` \   \/   /  
    \   \    |   __|  |      /     |   __|  |  . `  | |  |     |  |       \_    _/   
.----)   |   |  |____ |  |\  \----.|  |____ |  |\   | |  |     |  |         |  |     
|_______/    |_______|| _| `._____||_______||__| \__| |__|     |__|         |__|    
                                                                                     
 News and tutorials at https://serenity-bdd.info                                     
 Documentation at https://serenity-bdd.github.io                                     
 Test Automation Training and Coaching: https://www.serenity-dojo.com                
 Commercial Support: https://www.serenity-dojo.com/serenity-bdd-enterprise-support   
 Join the Serenity Community on Gitter: https://gitter.im/serenity-bdd/serenity-core 
-------------------------------------------------------------------------------------

06:25:40.446 [main] DEBUG net.thucydides.core.steps.StepEventBus - Test suite started for story net.thucydides.model.domain.Story@c962c880
06:25:40.452 [main] INFO  - Test Suite Started: User Login
06:25:40.580 [main] DEBUG io.cucumber.core.plugin.SerenityReporter - Running feature from file:///C:/Users/Lenovo/eclipse-workspace/X_Practice_serenity_cucumber_bdd/src/test/resource/features/homepagesTest.feature
06:25:40.592 [main] DEBUG net.thucydides.core.steps.StepEventBus - Test suite started for story net.thucydides.model.domain.Story@eaa78ee0
06:25:40.603 [main] INFO  - Test Suite Started: Home elements
06:25:40.605 [main] DEBUG io.cucumber.core.plugin.SerenityReporter - Running feature from file:///C:/Users/Lenovo/eclipse-workspace/X_Practice_serenity_cucumber_bdd/src/test/resource/features/demoAutomation_login.feature
06:25:40.612 [main] DEBUG net.thucydides.core.steps.StepEventBus - Test suite started for story net.thucydides.model.domain.Story@c962c880
06:25:40.613 [main] INFO  - Test Suite Started: User Login

@practice1
Scenario: Successful Login                        # src/test/resource/features/demoAutomation_login.feature:6
06:25:40.810 [main] DEBUG io.cucumber.core.plugin.SerenityReporter - Running feature from file:///C:/Users/Lenovo/eclipse-workspace/X_Practice_serenity_cucumber_bdd/src/test/resource/features/demoAutomation_login.feature
06:25:41.203 [main] INFO  - 
  _____   ___   ___   _____     ___   _____     _     ___   _____   ___   ___  
 |_   _| | __| / __| |_   _|   / __| |_   _|   /_\   | _ \ |_   _| | __| |   \ 
   | |   | _|  \__ \   | |     \__ \   | |    / _ \  |   /   | |   | _|  | |) |
   |_|   |___| |___/   |_|     |___/   |_|   /_/ \_\ |_|_\   |_|   |___| |___/ 

Successful Login(user-login;successful-login)
--------------------------------------------------------------------------------
06:25:42.476 [main] INFO net.serenitybdd.core.webdriver.driverproviders.ChromeDriverProvider - Starting Chrome driver instance with capabilities:
06:25:42.478 [main] INFO net.serenitybdd.core.webdriver.driverproviders.ChromeDriverProvider - Capabilities {acceptInsecureCerts: false, browserName: chrome, goog:chromeOptions: {args: [remote-allow-origins=*], extensions: []}}
  Given User is on the login page                 # starter.stepdefinitions.DemoLoginStepDefinitions.user_is_on_the_login_page()
06:25:47.904 [main] DEBUG net.serenitybdd.core.photography.Darkroom - Opening darkroom
06:25:47.905 [Darkroom Processing Line] DEBUG net.serenitybdd.core.photography.DarkroomProcessingLine - Darkroom processing line starting up
06:25:48.455 [main] DEBUG net.serenitybdd.core.photography.Darkroom - Send negative for processing for C:\Users\Lenovo\eclipse-workspace\X_Practice_serenity_cucumber_bdd\target\site\serenity\5fd8d9b782817a62e29c138c3cfa4505bbee8d8b6d8a40135f8c57bc4bf842d1.png
  When User enters valid credentials              # starter.stepdefinitions.DemoLoginStepDefinitions.user_enters_valid_credentials()
06:25:49.221 [main] DEBUG net.serenitybdd.core.photography.Darkroom - Send negative for processing for C:\Users\Lenovo\eclipse-workspace\X_Practice_serenity_cucumber_bdd\target\site\serenity\149460a135643c9cf4bfdafdee47f922fe765c12b0556879de6b05898d0a4917.png
  And User clicks on login button                 # starter.stepdefinitions.DemoLoginStepDefinitions.user_clicks_on_login_button()
06:25:53.234 [main] DEBUG net.serenitybdd.core.photography.Darkroom - Send negative for processing for C:\Users\Lenovo\eclipse-workspace\X_Practice_serenity_cucumber_bdd\target\site\serenity\6f451b509a3f46501693266e03511a76a9aafa6430304f6a7766ea4775b16adb.png
06:25:53.235 [Darkroom Processing Line] DEBUG net.serenitybdd.core.photography.DarkroomProcessingLine - Processing screenshot image in /var/screenshots/screenshot-11227914912539007220
06:25:53.236 [Darkroom Processing Line] DEBUG net.serenitybdd.core.photography.DarkroomProcessingLine - Saving screenshot to C:\Users\Lenovo\eclipse-workspace\X_Practice_serenity_cucumber_bdd\target\site\serenity\6f451b509a3f46501693266e03511a76a9aafa6430304f6a7766ea4775b16adb.png
  Then User should be redirected to the home page # starter.stepdefinitions.DemoLoginStepDefinitions.user_should_be_redirected_to_the_home_page()
06:25:53.290 [main] INFO  - 
  _____   ___   ___   _____     ___     _     ___   ___   ___   ___  
 |_   _| | __| / __| |_   _|   | _ \   /_\   / __| / __| | __| |   \ 
   | |   | _|  \__ \   | |     |  _/  / _ \  \__ \ \__ \ | _|  | |) |
   |_|   |___| |___/   |_|     |_|   /_/ \_\ |___/ |___/ |___| |___/ 

Successful Login
----------------------------------------------------------------------
]]></system-out>
    <system-err><![CDATA[May 09, 2024 6:25:45 AM org.openqa.selenium.devtools.CdpVersionFinder findNearestMatch
WARNING: Unable to find CDP implementation matching 124
May 09, 2024 6:25:45 AM org.openqa.selenium.chromium.ChromiumDriver lambda$new$5
WARNING: Unable to find version of CDP to use for 124.0.6367.119. You may need to include a dependency on a specific version of the CDP using something similar to `org.seleniumhq.selenium:selenium-devtools-v86:4.14.1` where the version ("v86") matches the version of the chromium-based browser you're using and the version number of the artifact is the same as Selenium's.
]]></system-err>
  </testcase>
  <testcase name="Check Home Page" classname="User Login" time="8.522">
    <system-out><![CDATA[
@practice1
Scenario: Check Home Page                         # src/test/resource/features/demoAutomation_login.feature:13
06:25:53.774 [main] DEBUG io.cucumber.core.plugin.SerenityReporter - Running feature from file:///C:/Users/Lenovo/eclipse-workspace/X_Practice_serenity_cucumber_bdd/src/test/resource/features/demoAutomation_login.feature
06:25:53.779 [main] INFO  - 
  _____   ___   ___   _____     ___   _____     _     ___   _____   ___   ___  
 |_   _| | __| / __| |_   _|   / __| |_   _|   /_\   | _ \ |_   _| | __| |   \ 
   | |   | _|  \__ \   | |     \__ \   | |    / _ \  |   /   | |   | _|  | |) |
   |_|   |___| |___/   |_|     |___/   |_|   /_/ \_\ |_|_\   |_|   |___| |___/ 

Check Home Page(user-login;check-home-page)
--------------------------------------------------------------------------------
06:25:53.983 [main] INFO net.serenitybdd.core.webdriver.driverproviders.ChromeDriverProvider - Starting Chrome driver instance with capabilities:
06:25:53.983 [main] INFO net.serenitybdd.core.webdriver.driverproviders.ChromeDriverProvider - Capabilities {acceptInsecureCerts: false, browserName: chrome, goog:chromeOptions: {args: [remote-allow-origins=*], extensions: []}}
  Given User is on the login page                 # starter.stepdefinitions.DemoLoginStepDefinitions.user_is_on_the_login_page()
06:25:56.137 [main] DEBUG net.serenitybdd.core.photography.Darkroom - Send negative for processing for C:\Users\Lenovo\eclipse-workspace\X_Practice_serenity_cucumber_bdd\target\site\serenity\5fd8d9b782817a62e29c138c3cfa4505bbee8d8b6d8a40135f8c57bc4bf842d1.png
  When User enters valid credentials              # starter.stepdefinitions.DemoLoginStepDefinitions.user_enters_valid_credentials()
06:25:56.512 [main] DEBUG net.serenitybdd.core.photography.Darkroom - Send negative for processing for C:\Users\Lenovo\eclipse-workspace\X_Practice_serenity_cucumber_bdd\target\site\serenity\149460a135643c9cf4bfdafdee47f922fe765c12b0556879de6b05898d0a4917.png
  And User clicks on login button                 # starter.stepdefinitions.DemoLoginStepDefinitions.user_clicks_on_login_button()
06:25:59.777 [main] DEBUG net.serenitybdd.core.photography.Darkroom - Send negative for processing for C:\Users\Lenovo\eclipse-workspace\X_Practice_serenity_cucumber_bdd\target\site\serenity\0365b1032916f3b84383fe4aa24078f97282c252283c442f890bd9365b3329eb.png
06:25:59.778 [Darkroom Processing Line] DEBUG net.serenitybdd.core.photography.DarkroomProcessingLine - Processing screenshot image in /var/screenshots/screenshot-755058109882201842
06:25:59.778 [Darkroom Processing Line] DEBUG net.serenitybdd.core.photography.DarkroomProcessingLine - Saving screenshot to C:\Users\Lenovo\eclipse-workspace\X_Practice_serenity_cucumber_bdd\target\site\serenity\0365b1032916f3b84383fe4aa24078f97282c252283c442f890bd9365b3329eb.png
  Then User should be redirected to the home page # starter.stepdefinitions.DemoLoginStepDefinitions.user_should_be_redirected_to_the_home_page()
06:26:00.260 [main] DEBUG net.serenitybdd.core.photography.Darkroom - Send negative for processing for C:\Users\Lenovo\eclipse-workspace\X_Practice_serenity_cucumber_bdd\target\site\serenity\a43a69efbb5abb5eb16a6675fcbe4039b58b4d42dc146cb4b767c0bd9980a033.png
06:26:00.261 [Darkroom Processing Line] DEBUG net.serenitybdd.core.photography.DarkroomProcessingLine - Processing screenshot image in /var/screenshots/screenshot-15003318497426385741
06:26:00.261 [Darkroom Processing Line] DEBUG net.serenitybdd.core.photography.DarkroomProcessingLine - Saving screenshot to C:\Users\Lenovo\eclipse-workspace\X_Practice_serenity_cucumber_bdd\target\site\serenity\a43a69efbb5abb5eb16a6675fcbe4039b58b4d42dc146cb4b767c0bd9980a033.png
  Given user is on home page                      # starter.stepdefinitions.DemoHomeSteps.user_is_on_home_page()
06:26:00.663 [main] DEBUG net.serenitybdd.core.photography.Darkroom - Send negative for processing for C:\Users\Lenovo\eclipse-workspace\X_Practice_serenity_cucumber_bdd\target\site\serenity\18adac20a6c6020340e5223a6d4b48fbcbc5267304841db86891667cbb58463a.png
06:26:00.664 [Darkroom Processing Line] DEBUG net.serenitybdd.core.photography.DarkroomProcessingLine - Processing screenshot image in /var/screenshots/screenshot-6846069428673879687
06:26:00.664 [Darkroom Processing Line] DEBUG net.serenitybdd.core.photography.DarkroomProcessingLine - Saving screenshot to C:\Users\Lenovo\eclipse-workspace\X_Practice_serenity_cucumber_bdd\target\site\serenity\18adac20a6c6020340e5223a6d4b48fbcbc5267304841db86891667cbb58463a.png
  When user enters firstname and lastname         # starter.stepdefinitions.DemoHomeSteps.user_enters_firstname_and_lastname()
06:26:01.414 [main] DEBUG net.serenitybdd.core.photography.Darkroom - Send negative for processing for C:\Users\Lenovo\eclipse-workspace\X_Practice_serenity_cucumber_bdd\target\site\serenity\0d068662cdd212009c2c3cf5a794e3f34da7309744a19d58a894055bbb1afb70.png
06:26:01.414 [Darkroom Processing Line] DEBUG net.serenitybdd.core.photography.DarkroomProcessingLine - Processing screenshot image in /var/screenshots/screenshot-12325110257874256906
06:26:01.414 [Darkroom Processing Line] DEBUG net.serenitybdd.core.photography.DarkroomProcessingLine - Saving screenshot to C:\Users\Lenovo\eclipse-workspace\X_Practice_serenity_cucumber_bdd\target\site\serenity\0d068662cdd212009c2c3cf5a794e3f34da7309744a19d58a894055bbb1afb70.png
  Then user should be able to see text            # starter.stepdefinitions.DemoHomeSteps.user_should_be_able_to_see_text()
06:26:01.871 [main] DEBUG net.serenitybdd.core.photography.Darkroom - Send negative for processing for C:\Users\Lenovo\eclipse-workspace\X_Practice_serenity_cucumber_bdd\target\site\serenity\0d068662cdd212009c2c3cf5a794e3f34da7309744a19d58a894055bbb1afb70.png
06:26:01.874 [main] INFO  - 
  _____   ___   ___   _____     ___     _     ___   ___   ___   ___  
 |_   _| | __| / __| |_   _|   | _ \   /_\   / __| / __| | __| |   \ 
   | |   | _|  \__ \   | |     |  _/  / _ \  \__ \ \__ \ | _|  | |) |
   |_|   |___| |___/   |_|     |_|   /_/ \_\ |___/ |___/ |___| |___/ 

Check Home Page
----------------------------------------------------------------------
]]></system-out>
    <system-err><![CDATA[May 09, 2024 6:25:54 AM org.openqa.selenium.devtools.CdpVersionFinder findNearestMatch
WARNING: Unable to find CDP implementation matching 124
May 09, 2024 6:25:54 AM org.openqa.selenium.chromium.ChromiumDriver lambda$new$5
WARNING: Unable to find version of CDP to use for 124.0.6367.119. You may need to include a dependency on a specific version of the CDP using something similar to `org.seleniumhq.selenium:selenium-devtools-v86:4.14.1` where the version ("v86") matches the version of the chromium-based browser you're using and the version number of the artifact is the same as Selenium's.
]]></system-err>
  </testcase>
  <testcase name="Check radio button" classname="HomeElements" time="8.455">
    <system-out><![CDATA[06:26:02.280 [main] DEBUG io.cucumber.core.plugin.SerenityReporter - Running feature from file:///C:/Users/Lenovo/eclipse-workspace/X_Practice_serenity_cucumber_bdd/src/test/resource/features/homepagesTest.feature
06:26:02.287 [main] DEBUG net.thucydides.core.steps.StepEventBus - Test suite started for story net.thucydides.model.domain.Story@eaa78ee0
06:26:02.289 [main] INFO  - Test Suite Started: Home elements

@practice1
Scenario: Check radio button                      # src/test/resource/features/homepagesTest.feature:10
06:26:02.301 [main] DEBUG io.cucumber.core.plugin.SerenityReporter - Running feature from file:///C:/Users/Lenovo/eclipse-workspace/X_Practice_serenity_cucumber_bdd/src/test/resource/features/homepagesTest.feature
06:26:02.307 [main] INFO  - 
  _____   ___   ___   _____     ___   _____     _     ___   _____   ___   ___  
 |_   _| | __| / __| |_   _|   / __| |_   _|   /_\   | _ \ |_   _| | __| |   \ 
   | |   | _|  \__ \   | |     \__ \   | |    / _ \  |   /   | |   | _|  | |) |
   |_|   |___| |___/   |_|     |___/   |_|   /_/ \_\ |_|_\   |_|   |___| |___/ 

Check radio button(homeelements;check-radio-button)
--------------------------------------------------------------------------------
06:26:02.490 [main] INFO net.serenitybdd.core.webdriver.driverproviders.ChromeDriverProvider - Starting Chrome driver instance with capabilities:
06:26:02.491 [main] INFO net.serenitybdd.core.webdriver.driverproviders.ChromeDriverProvider - Capabilities {acceptInsecureCerts: false, browserName: chrome, goog:chromeOptions: {args: [remote-allow-origins=*], extensions: []}}
  Given User is on the login page                 # starter.stepdefinitions.DemoLoginStepDefinitions.user_is_on_the_login_page()
06:26:04.337 [main] DEBUG net.serenitybdd.core.photography.Darkroom - Opening darkroom
06:26:04.341 [Darkroom Processing Line] DEBUG net.serenitybdd.core.photography.DarkroomProcessingLine - Darkroom processing line starting up
06:26:04.706 [main] DEBUG net.serenitybdd.core.photography.Darkroom - Send negative for processing for C:\Users\Lenovo\eclipse-workspace\X_Practice_serenity_cucumber_bdd\target\site\serenity\5fd8d9b782817a62e29c138c3cfa4505bbee8d8b6d8a40135f8c57bc4bf842d1.png
  When User enters valid credentials              # starter.stepdefinitions.DemoLoginStepDefinitions.user_enters_valid_credentials()
06:26:05.197 [main] DEBUG net.serenitybdd.core.photography.Darkroom - Send negative for processing for C:\Users\Lenovo\eclipse-workspace\X_Practice_serenity_cucumber_bdd\target\site\serenity\149460a135643c9cf4bfdafdee47f922fe765c12b0556879de6b05898d0a4917.png
  And User clicks on login button                 # starter.stepdefinitions.DemoLoginStepDefinitions.user_clicks_on_login_button()
06:26:09.051 [main] DEBUG net.serenitybdd.core.photography.Darkroom - Send negative for processing for C:\Users\Lenovo\eclipse-workspace\X_Practice_serenity_cucumber_bdd\target\site\serenity\0cad1fdbb96e11b67db81aeb5ac4b7f8986b07316bdc2936dbd56dbf155abf9d.png
06:26:09.053 [Darkroom Processing Line] DEBUG net.serenitybdd.core.photography.DarkroomProcessingLine - Processing screenshot image in /var/screenshots/screenshot-15122390403441885222
06:26:09.053 [Darkroom Processing Line] DEBUG net.serenitybdd.core.photography.DarkroomProcessingLine - Saving screenshot to C:\Users\Lenovo\eclipse-workspace\X_Practice_serenity_cucumber_bdd\target\site\serenity\0cad1fdbb96e11b67db81aeb5ac4b7f8986b07316bdc2936dbd56dbf155abf9d.png
  Then User should be redirected to the home page # starter.stepdefinitions.DemoLoginStepDefinitions.user_should_be_redirected_to_the_home_page()
  Given User should be on home page               # starter.stepdefinitions.DemoHomeSteps.user_should_be_on_home_page()
06:26:09.411 [main] DEBUG net.serenitybdd.core.photography.Darkroom - Send negative for processing for C:\Users\Lenovo\eclipse-workspace\X_Practice_serenity_cucumber_bdd\target\site\serenity\deb0125860ffa4762ebdbb331dae41f884d03d96540597f55b743c4736c418cd.png
06:26:09.412 [Darkroom Processing Line] DEBUG net.serenitybdd.core.photography.DarkroomProcessingLine - Processing screenshot image in /var/screenshots/screenshot-2452393553113268535
06:26:09.412 [Darkroom Processing Line] DEBUG net.serenitybdd.core.photography.DarkroomProcessingLine - Saving screenshot to C:\Users\Lenovo\eclipse-workspace\X_Practice_serenity_cucumber_bdd\target\site\serenity\deb0125860ffa4762ebdbb331dae41f884d03d96540597f55b743c4736c418cd.png
  When User clicks on radio button                # starter.stepdefinitions.DemoHomeSteps.user_clicks_on_radio_button()
06:26:09.996 [main] DEBUG net.serenitybdd.core.photography.Darkroom - Send negative for processing for C:\Users\Lenovo\eclipse-workspace\X_Practice_serenity_cucumber_bdd\target\site\serenity\cd10ac2f190af63c88113d5922d05cf3162c028f93c4fcde997ca4808269e4dd.png
06:26:09.996 [Darkroom Processing Line] DEBUG net.serenitybdd.core.photography.DarkroomProcessingLine - Processing screenshot image in /var/screenshots/screenshot-15888466600055800085
06:26:09.996 [Darkroom Processing Line] DEBUG net.serenitybdd.core.photography.DarkroomProcessingLine - Saving screenshot to C:\Users\Lenovo\eclipse-workspace\X_Practice_serenity_cucumber_bdd\target\site\serenity\cd10ac2f190af63c88113d5922d05cf3162c028f93c4fcde997ca4808269e4dd.png
  Then radio button should be enabled             # starter.stepdefinitions.DemoHomeSteps.radio_button_should_be_enabled()
06:26:10.498 [main] DEBUG net.serenitybdd.core.photography.Darkroom - Send negative for processing for C:\Users\Lenovo\eclipse-workspace\X_Practice_serenity_cucumber_bdd\target\site\serenity\36ab8c1c39871547d9ca2cdebaf82fa60399a44bd51908e27600861617487d3a.png
06:26:10.499 [Darkroom Processing Line] DEBUG net.serenitybdd.core.photography.DarkroomProcessingLine - Processing screenshot image in /var/screenshots/screenshot-840912492953226540
06:26:10.500 [Darkroom Processing Line] DEBUG net.serenitybdd.core.photography.DarkroomProcessingLine - Saving screenshot to C:\Users\Lenovo\eclipse-workspace\X_Practice_serenity_cucumber_bdd\target\site\serenity\36ab8c1c39871547d9ca2cdebaf82fa60399a44bd51908e27600861617487d3a.png
06:26:10.503 [main] INFO  - 
  _____   ___   ___   _____     ___     _     ___   ___   ___   ___  
 |_   _| | __| / __| |_   _|   | _ \   /_\   / __| / __| | __| |   \ 
   | |   | _|  \__ \   | |     |  _/  / _ \  \__ \ \__ \ | _|  | |) |
   |_|   |___| |___/   |_|     |_|   /_/ \_\ |___/ |___/ |___| |___/ 

Check radio button
----------------------------------------------------------------------
]]></system-out>
    <system-err><![CDATA[May 09, 2024 6:26:03 AM org.openqa.selenium.devtools.CdpVersionFinder findNearestMatch
WARNING: Unable to find CDP implementation matching 124
May 09, 2024 6:26:03 AM org.openqa.selenium.chromium.ChromiumDriver lambda$new$5
WARNING: Unable to find version of CDP to use for 124.0.6367.119. You may need to include a dependency on a specific version of the CDP using something similar to `org.seleniumhq.selenium:selenium-devtools-v86:4.14.1` where the version ("v86") matches the version of the chromium-based browser you're using and the version number of the artifact is the same as Selenium's.
]]></system-err>
  </testcase>
  <testcase name="Check checkbox" classname="HomeElements" time="7.882">
    <system-out><![CDATA[
@practice1
Scenario: Check checkbox                          # src/test/resource/features/homepagesTest.feature:16
06:26:10.757 [main] DEBUG io.cucumber.core.plugin.SerenityReporter - Running feature from file:///C:/Users/Lenovo/eclipse-workspace/X_Practice_serenity_cucumber_bdd/src/test/resource/features/homepagesTest.feature
06:26:10.761 [main] INFO  - 
  _____   ___   ___   _____     ___   _____     _     ___   _____   ___   ___  
 |_   _| | __| / __| |_   _|   / __| |_   _|   /_\   | _ \ |_   _| | __| |   \ 
   | |   | _|  \__ \   | |     \__ \   | |    / _ \  |   /   | |   | _|  | |) |
   |_|   |___| |___/   |_|     |___/   |_|   /_/ \_\ |_|_\   |_|   |___| |___/ 

Check checkbox(homeelements;check-checkbox)
--------------------------------------------------------------------------------
06:26:10.946 [main] INFO net.serenitybdd.core.webdriver.driverproviders.ChromeDriverProvider - Starting Chrome driver instance with capabilities:
06:26:10.947 [main] INFO net.serenitybdd.core.webdriver.driverproviders.ChromeDriverProvider - Capabilities {acceptInsecureCerts: false, browserName: chrome, goog:chromeOptions: {args: [remote-allow-origins=*], extensions: []}}
  Given User is on the login page                 # starter.stepdefinitions.DemoLoginStepDefinitions.user_is_on_the_login_page()
06:26:13.120 [main] DEBUG net.serenitybdd.core.photography.Darkroom - Send negative for processing for C:\Users\Lenovo\eclipse-workspace\X_Practice_serenity_cucumber_bdd\target\site\serenity\5fd8d9b782817a62e29c138c3cfa4505bbee8d8b6d8a40135f8c57bc4bf842d1.png
  When User enters valid credentials              # starter.stepdefinitions.DemoLoginStepDefinitions.user_enters_valid_credentials()
06:26:13.566 [main] DEBUG net.serenitybdd.core.photography.Darkroom - Send negative for processing for C:\Users\Lenovo\eclipse-workspace\X_Practice_serenity_cucumber_bdd\target\site\serenity\149460a135643c9cf4bfdafdee47f922fe765c12b0556879de6b05898d0a4917.png
  And User clicks on login button                 # starter.stepdefinitions.DemoLoginStepDefinitions.user_clicks_on_login_button()
06:26:17.135 [main] DEBUG net.serenitybdd.core.photography.Darkroom - Send negative for processing for C:\Users\Lenovo\eclipse-workspace\X_Practice_serenity_cucumber_bdd\target\site\serenity\3043d403e725e52dd86da1b5ac058117b3c49257da1eef5e26a9177d9ca1b175.png
06:26:17.137 [Darkroom Processing Line] DEBUG net.serenitybdd.core.photography.DarkroomProcessingLine - Processing screenshot image in /var/screenshots/screenshot-13197094800972407431
06:26:17.137 [Darkroom Processing Line] DEBUG net.serenitybdd.core.photography.DarkroomProcessingLine - Saving screenshot to C:\Users\Lenovo\eclipse-workspace\X_Practice_serenity_cucumber_bdd\target\site\serenity\3043d403e725e52dd86da1b5ac058117b3c49257da1eef5e26a9177d9ca1b175.png
  Then User should be redirected to the home page # starter.stepdefinitions.DemoLoginStepDefinitions.user_should_be_redirected_to_the_home_page()
  Given User should be on home page               # starter.stepdefinitions.DemoHomeSteps.user_should_be_on_home_page()
06:26:17.752 [main] DEBUG net.serenitybdd.core.photography.Darkroom - Send negative for processing for C:\Users\Lenovo\eclipse-workspace\X_Practice_serenity_cucumber_bdd\target\site\serenity\be16f3852b1c8f345ffa6afebd754ceccf85d1d565c7c57bc5c0d2e4cdc12bd3.png
06:26:17.752 [Darkroom Processing Line] DEBUG net.serenitybdd.core.photography.DarkroomProcessingLine - Processing screenshot image in /var/screenshots/screenshot-6498042486617879069
06:26:17.752 [Darkroom Processing Line] DEBUG net.serenitybdd.core.photography.DarkroomProcessingLine - Saving screenshot to C:\Users\Lenovo\eclipse-workspace\X_Practice_serenity_cucumber_bdd\target\site\serenity\be16f3852b1c8f345ffa6afebd754ceccf85d1d565c7c57bc5c0d2e4cdc12bd3.png
  When User clicks on checkbox button             # starter.stepdefinitions.DemoHomeSteps.user_clicks_on_checkbox_button()
06:26:18.393 [main] DEBUG net.serenitybdd.core.photography.Darkroom - Send negative for processing for C:\Users\Lenovo\eclipse-workspace\X_Practice_serenity_cucumber_bdd\target\site\serenity\81369af01be9ced43e999c6761dcdcc8c7ae532a0a0a04d0f552f5ae36399429.png
06:26:18.393 [Darkroom Processing Line] DEBUG net.serenitybdd.core.photography.DarkroomProcessingLine - Processing screenshot image in /var/screenshots/screenshot-14542125404747913113
06:26:18.394 [Darkroom Processing Line] DEBUG net.serenitybdd.core.photography.DarkroomProcessingLine - Saving screenshot to C:\Users\Lenovo\eclipse-workspace\X_Practice_serenity_cucumber_bdd\target\site\serenity\81369af01be9ced43e999c6761dcdcc8c7ae532a0a0a04d0f552f5ae36399429.png
  Then checkbox  should be select                 # starter.stepdefinitions.DemoHomeSteps.checkbox_should_be_select()
06:26:18.443 [main] INFO  - 
  _____   ___   ___   _____     ___     _     ___   ___   ___   ___  
 |_   _| | __| / __| |_   _|   | _ \   /_\   / __| / __| | __| |   \ 
   | |   | _|  \__ \   | |     |  _/  / _ \  \__ \ \__ \ | _|  | |) |
   |_|   |___| |___/   |_|     |_|   /_/ \_\ |___/ |___/ |___| |___/ 

Check checkbox
----------------------------------------------------------------------
]]></system-out>
    <system-err><![CDATA[May 09, 2024 6:26:11 AM org.openqa.selenium.devtools.CdpVersionFinder findNearestMatch
WARNING: Unable to find CDP implementation matching 124
May 09, 2024 6:26:11 AM org.openqa.selenium.chromium.ChromiumDriver lambda$new$5
WARNING: Unable to find version of CDP to use for 124.0.6367.119. You may need to include a dependency on a specific version of the CDP using something similar to `org.seleniumhq.selenium:selenium-devtools-v86:4.14.1` where the version ("v86") matches the version of the chromium-based browser you're using and the version number of the artifact is the same as Selenium's.
]]></system-err>
  </testcase>
  <testcase name="check dropdown for skills" classname="HomeElements" time="28.369">
    <system-out><![CDATA[
@practice1
Scenario: check dropdown for skills               # src/test/resource/features/homepagesTest.feature:22
06:26:18.639 [main] DEBUG io.cucumber.core.plugin.SerenityReporter - Running feature from file:///C:/Users/Lenovo/eclipse-workspace/X_Practice_serenity_cucumber_bdd/src/test/resource/features/homepagesTest.feature
06:26:18.643 [main] INFO  - 
  _____   ___   ___   _____     ___   _____     _     ___   _____   ___   ___  
 |_   _| | __| / __| |_   _|   / __| |_   _|   /_\   | _ \ |_   _| | __| |   \ 
   | |   | _|  \__ \   | |     \__ \   | |    / _ \  |   /   | |   | _|  | |) |
   |_|   |___| |___/   |_|     |___/   |_|   /_/ \_\ |_|_\   |_|   |___| |___/ 

check dropdown for skills(homeelements;check-dropdown-for-skills)
--------------------------------------------------------------------------------
06:26:18.942 [main] INFO net.serenitybdd.core.webdriver.driverproviders.ChromeDriverProvider - Starting Chrome driver instance with capabilities:
06:26:18.943 [main] INFO net.serenitybdd.core.webdriver.driverproviders.ChromeDriverProvider - Capabilities {acceptInsecureCerts: false, browserName: chrome, goog:chromeOptions: {args: [remote-allow-origins=*], extensions: []}}
  Given User is on the login page                 # starter.stepdefinitions.DemoLoginStepDefinitions.user_is_on_the_login_page()
06:26:21.116 [main] DEBUG net.serenitybdd.core.photography.Darkroom - Send negative for processing for C:\Users\Lenovo\eclipse-workspace\X_Practice_serenity_cucumber_bdd\target\site\serenity\5fd8d9b782817a62e29c138c3cfa4505bbee8d8b6d8a40135f8c57bc4bf842d1.png
  When User enters valid credentials              # starter.stepdefinitions.DemoLoginStepDefinitions.user_enters_valid_credentials()
06:26:21.612 [main] DEBUG net.serenitybdd.core.photography.Darkroom - Send negative for processing for C:\Users\Lenovo\eclipse-workspace\X_Practice_serenity_cucumber_bdd\target\site\serenity\149460a135643c9cf4bfdafdee47f922fe765c12b0556879de6b05898d0a4917.png
  And User clicks on login button                 # starter.stepdefinitions.DemoLoginStepDefinitions.user_clicks_on_login_button()
06:26:45.228 [main] DEBUG net.serenitybdd.core.photography.Darkroom - Send negative for processing for C:\Users\Lenovo\eclipse-workspace\X_Practice_serenity_cucumber_bdd\target\site\serenity\5031356918356c843894c8f93bc9ff8a82d948a0bc4d3caf99aa15678624ed25.png
06:26:45.228 [Darkroom Processing Line] DEBUG net.serenitybdd.core.photography.DarkroomProcessingLine - Processing screenshot image in /var/screenshots/screenshot-4894389606733699948
06:26:45.229 [Darkroom Processing Line] DEBUG net.serenitybdd.core.photography.DarkroomProcessingLine - Saving screenshot to C:\Users\Lenovo\eclipse-workspace\X_Practice_serenity_cucumber_bdd\target\site\serenity\5031356918356c843894c8f93bc9ff8a82d948a0bc4d3caf99aa15678624ed25.png
  Then User should be redirected to the home page # starter.stepdefinitions.DemoLoginStepDefinitions.user_should_be_redirected_to_the_home_page()
  Given User should be on home page               # starter.stepdefinitions.DemoHomeSteps.user_should_be_on_home_page()
06:26:45.580 [main] DEBUG net.serenitybdd.core.photography.Darkroom - Send negative for processing for C:\Users\Lenovo\eclipse-workspace\X_Practice_serenity_cucumber_bdd\target\site\serenity\5031356918356c843894c8f93bc9ff8a82d948a0bc4d3caf99aa15678624ed25.png
  When User clicks on dropdown and select skill   # starter.stepdefinitions.DemoHomeSteps.user_clicks_on_dropdown_and_select_skill()
06:26:46.149 [main] DEBUG net.serenitybdd.core.photography.Darkroom - Send negative for processing for C:\Users\Lenovo\eclipse-workspace\X_Practice_serenity_cucumber_bdd\target\site\serenity\11665ef217fe075a372e42fd1c588fbc20112240fca12652dc4c9d06665a2520.png
06:26:46.149 [Darkroom Processing Line] DEBUG net.serenitybdd.core.photography.DarkroomProcessingLine - Processing screenshot image in /var/screenshots/screenshot-5327366262963803653
06:26:46.149 [Darkroom Processing Line] DEBUG net.serenitybdd.core.photography.DarkroomProcessingLine - Saving screenshot to C:\Users\Lenovo\eclipse-workspace\X_Practice_serenity_cucumber_bdd\target\site\serenity\11665ef217fe075a372e42fd1c588fbc20112240fca12652dc4c9d06665a2520.png
Selected skill: C
  Then skill should be displayed                  # starter.stepdefinitions.DemoHomeSteps.skill_should_be_displayed()
06:26:46.793 [main] DEBUG net.serenitybdd.core.photography.Darkroom - Send negative for processing for C:\Users\Lenovo\eclipse-workspace\X_Practice_serenity_cucumber_bdd\target\site\serenity\11665ef217fe075a372e42fd1c588fbc20112240fca12652dc4c9d06665a2520.png
06:26:46.794 [main] INFO  - 
  _____   ___   ___   _____     ___     _     ___   ___   ___   ___  
 |_   _| | __| / __| |_   _|   | _ \   /_\   / __| / __| | __| |   \ 
   | |   | _|  \__ \   | |     |  _/  / _ \  \__ \ \__ \ | _|  | |) |
   |_|   |___| |___/   |_|     |_|   /_/ \_\ |___/ |___/ |___| |___/ 

check dropdown for skills
----------------------------------------------------------------------
]]></system-out>
    <system-err><![CDATA[May 09, 2024 6:26:19 AM org.openqa.selenium.devtools.CdpVersionFinder findNearestMatch
WARNING: Unable to find CDP implementation matching 124
May 09, 2024 6:26:19 AM org.openqa.selenium.chromium.ChromiumDriver lambda$new$5
WARNING: Unable to find version of CDP to use for 124.0.6367.119. You may need to include a dependency on a specific version of the CDP using something similar to `org.seleniumhq.selenium:selenium-devtools-v86:4.14.1` where the version ("v86") matches the version of the chromium-based browser you're using and the version number of the artifact is the same as Selenium's.
]]></system-err>
  </testcase>
  <testcase name="select date from dropdown" classname="HomeElements" time="10.511">
    <system-out><![CDATA[
@practice1
Scenario: select date from dropdown                           # src/test/resource/features/homepagesTest.feature:28
06:26:47.014 [main] DEBUG io.cucumber.core.plugin.SerenityReporter - Running feature from file:///C:/Users/Lenovo/eclipse-workspace/X_Practice_serenity_cucumber_bdd/src/test/resource/features/homepagesTest.feature
06:26:47.018 [main] INFO  - 
  _____   ___   ___   _____     ___   _____     _     ___   _____   ___   ___  
 |_   _| | __| / __| |_   _|   / __| |_   _|   /_\   | _ \ |_   _| | __| |   \ 
   | |   | _|  \__ \   | |     \__ \   | |    / _ \  |   /   | |   | _|  | |) |
   |_|   |___| |___/   |_|     |___/   |_|   /_/ \_\ |_|_\   |_|   |___| |___/ 

select date from dropdown(homeelements;select-date-from-dropdown)
--------------------------------------------------------------------------------
06:26:47.211 [main] INFO net.serenitybdd.core.webdriver.driverproviders.ChromeDriverProvider - Starting Chrome driver instance with capabilities:
06:26:47.211 [main] INFO net.serenitybdd.core.webdriver.driverproviders.ChromeDriverProvider - Capabilities {acceptInsecureCerts: false, browserName: chrome, goog:chromeOptions: {args: [remote-allow-origins=*], extensions: []}}
  Given User is on the login page                             # starter.stepdefinitions.DemoLoginStepDefinitions.user_is_on_the_login_page()
06:26:49.493 [main] DEBUG net.serenitybdd.core.photography.Darkroom - Send negative for processing for C:\Users\Lenovo\eclipse-workspace\X_Practice_serenity_cucumber_bdd\target\site\serenity\5fd8d9b782817a62e29c138c3cfa4505bbee8d8b6d8a40135f8c57bc4bf842d1.png
  When User enters valid credentials                          # starter.stepdefinitions.DemoLoginStepDefinitions.user_enters_valid_credentials()
06:26:49.816 [main] DEBUG net.serenitybdd.core.photography.Darkroom - Send negative for processing for C:\Users\Lenovo\eclipse-workspace\X_Practice_serenity_cucumber_bdd\target\site\serenity\149460a135643c9cf4bfdafdee47f922fe765c12b0556879de6b05898d0a4917.png
  And User clicks on login button                             # starter.stepdefinitions.DemoLoginStepDefinitions.user_clicks_on_login_button()
06:26:53.379 [main] DEBUG net.serenitybdd.core.photography.Darkroom - Send negative for processing for C:\Users\Lenovo\eclipse-workspace\X_Practice_serenity_cucumber_bdd\target\site\serenity\d690af7f8d43fe37d1cfadd81705de8b4dd5872f0708a24aba64db04bd89f566.png
06:26:53.379 [Darkroom Processing Line] DEBUG net.serenitybdd.core.photography.DarkroomProcessingLine - Processing screenshot image in /var/screenshots/screenshot-181029006617997951
06:26:53.380 [Darkroom Processing Line] DEBUG net.serenitybdd.core.photography.DarkroomProcessingLine - Saving screenshot to C:\Users\Lenovo\eclipse-workspace\X_Practice_serenity_cucumber_bdd\target\site\serenity\d690af7f8d43fe37d1cfadd81705de8b4dd5872f0708a24aba64db04bd89f566.png
  Then User should be redirected to the home page             # starter.stepdefinitions.DemoLoginStepDefinitions.user_should_be_redirected_to_the_home_page()
  Given User should be on home page                           # starter.stepdefinitions.DemoHomeSteps.user_should_be_on_home_page()
06:26:53.862 [main] DEBUG net.serenitybdd.core.photography.Darkroom - Send negative for processing for C:\Users\Lenovo\eclipse-workspace\X_Practice_serenity_cucumber_bdd\target\site\serenity\256aedefd4a01df45e355c60b0edbce81529bb09228df52a265ae19558c9f7fb.png
06:26:53.863 [Darkroom Processing Line] DEBUG net.serenitybdd.core.photography.DarkroomProcessingLine - Processing screenshot image in /var/screenshots/screenshot-6934816068864225337
06:26:53.863 [Darkroom Processing Line] DEBUG net.serenitybdd.core.photography.DarkroomProcessingLine - Saving screenshot to C:\Users\Lenovo\eclipse-workspace\X_Practice_serenity_cucumber_bdd\target\site\serenity\256aedefd4a01df45e355c60b0edbce81529bb09228df52a265ae19558c9f7fb.png
  When user should select date "15 august 2022" from dropdwon # starter.stepdefinitions.DemoHomeSteps.user_should_select_date_from_dropdwon(java.lang.String)
06:26:54.702 [main] DEBUG net.serenitybdd.core.photography.Darkroom - Send negative for processing for C:\Users\Lenovo\eclipse-workspace\X_Practice_serenity_cucumber_bdd\target\site\serenity\60142fe61881ab1dead6606fc9feb9c77a2481cbfc3fd0a48b4e7365fb6f23e3.png
06:26:54.703 [Darkroom Processing Line] DEBUG net.serenitybdd.core.photography.DarkroomProcessingLine - Processing screenshot image in /var/screenshots/screenshot-143821964975998031
06:26:54.703 [Darkroom Processing Line] DEBUG net.serenitybdd.core.photography.DarkroomProcessingLine - Saving screenshot to C:\Users\Lenovo\eclipse-workspace\X_Practice_serenity_cucumber_bdd\target\site\serenity\60142fe61881ab1dead6606fc9feb9c77a2481cbfc3fd0a48b4e7365fb6f23e3.png
  Then user should be able to see date                        # starter.stepdefinitions.DemoHomeSteps.user_should_be_able_to_see_date()
06:26:57.312 [main] DEBUG net.serenitybdd.core.photography.Darkroom - Send negative for processing for C:\Users\Lenovo\eclipse-workspace\X_Practice_serenity_cucumber_bdd\target\site\serenity\866576a86b0a6be9020ca0918be50eb08d55f4bc24f990b7f6d72642d129c0b8.png
06:26:57.312 [Darkroom Processing Line] DEBUG net.serenitybdd.core.photography.DarkroomProcessingLine - Processing screenshot image in /var/screenshots/screenshot-7264951798795410058
06:26:57.312 [Darkroom Processing Line] DEBUG net.serenitybdd.core.photography.DarkroomProcessingLine - Saving screenshot to C:\Users\Lenovo\eclipse-workspace\X_Practice_serenity_cucumber_bdd\target\site\serenity\866576a86b0a6be9020ca0918be50eb08d55f4bc24f990b7f6d72642d129c0b8.png
06:26:57.313 [main] INFO  - 
  _____   ___   ___   _____     ___     _     ___   ___   ___   ___  
 |_   _| | __| / __| |_   _|   | _ \   /_\   / __| / __| | __| |   \ 
   | |   | _|  \__ \   | |     |  _/  / _ \  \__ \ \__ \ | _|  | |) |
   |_|   |___| |___/   |_|     |_|   /_/ \_\ |___/ |___/ |___| |___/ 

select date from dropdown
----------------------------------------------------------------------
]]></system-out>
    <system-err><![CDATA[May 09, 2024 6:26:48 AM org.openqa.selenium.devtools.CdpVersionFinder findNearestMatch
WARNING: Unable to find CDP implementation matching 124
May 09, 2024 6:26:48 AM org.openqa.selenium.chromium.ChromiumDriver lambda$new$5
WARNING: Unable to find version of CDP to use for 124.0.6367.119. You may need to include a dependency on a specific version of the CDP using something similar to `org.seleniumhq.selenium:selenium-devtools-v86:4.14.1` where the version ("v86") matches the version of the chromium-based browser you're using and the version number of the artifact is the same as Selenium's.
]]></system-err>
  </testcase>
</testsuite>